


materialPath: C:\Program Files (x86)\Steam\steamapps\sourcemods\open_fortress\materials
Loading C:\Program Files (x86)\Steam\steamapps\sourcemods\open_fortress\mapsrc\AlphaBlaster\dm_hangar.vmf
Map revision 928
ConVarRef mat_reduceparticles doesn't point to an existing ConVar
Could not locate 'GameData' key in c:\program files (x86)\steam\steamapps\sourcemods\open_fortress\gameinfo.txt
Patching WVT material: maps/dm_hangar/dev/dev_blendmeasure_wvt_patch
fixing up env_cubemap materials on brush sides...
0...1...2...3...4...5...6...7...8...9...10**** leaked ****
Entity prop_dynamic (1552.00 -1888.00 448.00) leaked!
--- MAP LEAKED ---



4 threads
reading c:\program files (x86)\steam\steamapps\sourcemods\open_fortress\mapsrc\alphablaster\dm_hangar.bsp
Error opening c:\program files (x86)\steam\steamapps\sourcemods\open_fortress\mapsrc\alphablaster\dm_hangar.bsp


[Reading texlights from 'lights.rad']
[34 texlights parsed from 'lights.rad']

Loading c:\program files (x86)\steam\steamapps\sourcemods\open_fortress\mapsrc\alphablaster\dm_hangar.bsp
Error opening c:\program files (x86)\steam\steamapps\sourcemods\open_fortress\mapsrc\alphablaster\dm_hangar.bsp


materialPath: C:\Program Files (x86)\Steam\steamapps\sourcemods\open_fortress\materials
Loading C:\Program Files (x86)\Steam\steamapps\sourcemods\open_fortress\mapsrc\AlphaBlaster\dm_hangar.vmf
Map revision 929
ConVarRef mat_reduceparticles doesn't point to an existing ConVar
Could not locate 'GameData' key in c:\program files (x86)\steam\steamapps\sourcemods\open_fortress\gameinfo.txt
Patching WVT material: maps/dm_hangar/dev/dev_blendmeasure_wvt_patch
fixing up env_cubemap materials on brush sides...
0...1...2...3...4...5...6...7...8...9...10**** leaked ****
Entity prop_dynamic (1552.00 -1888.00 448.00) leaked!
--- MAP LEAKED ---



4 threads
reading c:\program files (x86)\steam\steamapps\sourcemods\open_fortress\mapsrc\alphablaster\dm_hangar.bsp
Error opening c:\program files (x86)\steam\steamapps\sourcemods\open_fortress\mapsrc\alphablaster\dm_hangar.bsp


[Reading texlights from 'lights.rad']
[34 texlights parsed from 'lights.rad']

Loading c:\program files (x86)\steam\steamapps\sourcemods\open_fortress\mapsrc\alphablaster\dm_hangar.bsp
Error opening c:\program files (x86)\steam\steamapps\sourcemods\open_fortress\mapsrc\alphablaster\dm_hangar.bsp


materialPath: C:\Program Files (x86)\Steam\steamapps\sourcemods\open_fortress\materials
Loading C:\Program Files (x86)\Steam\steamapps\sourcemods\open_fortress\mapsrc\AlphaBlaster\dm_hangar.vmf
Map revision 930
ConVarRef mat_reduceparticles doesn't point to an existing ConVar
Could not locate 'GameData' key in c:\program files (x86)\steam\steamapps\sourcemods\open_fortress\gameinfo.txt
Patching WVT material: maps/dm_hangar/dev/dev_blendmeasure_wvt_patch
fixing up env_cubemap materials on brush sides...
0...1...2...3...4...5...6...7...8...9...10**** leaked ****
Entity prop_dynamic (1552.00 -1888.00 448.00) leaked!
--- MAP LEAKED ---



4 threads
reading c:\program files (x86)\steam\steamapps\sourcemods\open_fortress\mapsrc\alphablaster\dm_hangar.bsp
Error opening c:\program files (x86)\steam\steamapps\sourcemods\open_fortress\mapsrc\alphablaster\dm_hangar.bsp


[Reading texlights from 'lights.rad']
[34 texlights parsed from 'lights.rad']

Loading c:\program files (x86)\steam\steamapps\sourcemods\open_fortress\mapsrc\alphablaster\dm_hangar.bsp
Error opening c:\program files (x86)\steam\steamapps\sourcemods\open_fortress\mapsrc\alphablaster\dm_hangar.bsp


materialPath: C:\Program Files (x86)\Steam\steamapps\sourcemods\open_fortress\materials
Loading C:\Program Files (x86)\Steam\steamapps\sourcemods\open_fortress\mapsrc\AlphaBlaster\dm_hangar.vmf
Map revision 931
ConVarRef mat_reduceparticles doesn't point to an existing ConVar
Could not locate 'GameData' key in c:\program files (x86)\steam\steamapps\sourcemods\open_fortress\gameinfo.txt
Patching WVT material: maps/dm_hangar/dev/dev_blendmeasure_wvt_patch
fixing up env_cubemap materials on brush sides...
0...1...2...3...4...5...6...7...8...9...10**** leaked ****
Entity prop_dynamic (1936.00 -1696.00 448.00) leaked!
--- MAP LEAKED ---



4 threads
reading c:\program files (x86)\steam\steamapps\sourcemods\open_fortress\mapsrc\alphablaster\dm_hangar.bsp
Error opening c:\program files (x86)\steam\steamapps\sourcemods\open_fortress\mapsrc\alphablaster\dm_hangar.bsp


[Reading texlights from 'lights.rad']
[34 texlights parsed from 'lights.rad']

Loading c:\program files (x86)\steam\steamapps\sourcemods\open_fortress\mapsrc\alphablaster\dm_hangar.bsp
Error opening c:\program files (x86)\steam\steamapps\sourcemods\open_fortress\mapsrc\alphablaster\dm_hangar.bsp


materialPath: C:\Program Files (x86)\Steam\steamapps\sourcemods\open_fortress\materials
Loading C:\Program Files (x86)\Steam\steamapps\sourcemods\open_fortress\mapsrc\AlphaBlaster\dm_hangar.vmf
Map revision 932
ConVarRef mat_reduceparticles doesn't point to an existing ConVar
Could not locate 'GameData' key in c:\program files (x86)\steam\steamapps\sourcemods\open_fortress\gameinfo.txt
Patching WVT material: maps/dm_hangar/dev/dev_blendmeasure_wvt_patch
fixing up env_cubemap materials on brush sides...
0...1...2...3...4...5...6...7...8...9...100...1...2...3...4...5...6...7...8...9...10
FindPortalSide: Couldn't find a good match for which brush to assign to a portal near (1520.0 1430.3 72.0)
Leaf 0 contents: CONTENTS_SOLID 
Leaf 1 contents: 
viscontents (node 0 contents ^ node 1 contents): CONTENTS_SOLID 
This means that none of the brushes in leaf 0 or 1 that touches the portal has CONTENTS_SOLID 
Check for a huge brush enclosing the coordinates above that has contents CONTENTS_SOLID 
Candidate brush IDs: Brush 9433: 


FindPortalSide: Couldn't find a good match for which brush to assign to a portal near (1520.0 1430.3 208.0)
Leaf 0 contents: CONTENTS_SOLID 
Leaf 1 contents: 
viscontents (node 0 contents ^ node 1 contents): CONTENTS_SOLID 
This means that none of the brushes in leaf 0 or 1 that touches the portal has CONTENTS_SOLID 
Check for a huge brush enclosing the coordinates above that has contents CONTENTS_SOLID 
Candidate brush IDs: Brush 9433: 


FindPortalSide: Couldn't find a good match for which brush to assign to a portal near (1601.9 1460.8 200.0)
Leaf 0 contents: CONTENTS_SOLID 
Leaf 1 contents: 
viscontents (node 0 contents ^ node 1 contents): CONTENTS_SOLID 
This means that none of the brushes in leaf 0 or 1 that touches the portal has CONTENTS_SOLID 
Check for a huge brush enclosing the coordinates above that has contents CONTENTS_SOLID 
Candidate brush IDs: Brush 9433: 

Processing areas...done (0)
Building Faces...done (0)
Chop Details...done (0)
Find Visible Detail Sides...done (0)
Merging details...done (0)
FixTjuncs...
PruneNodes...
WriteBSP...
done (0)
writing C:\Program Files (x86)\Steam\steamapps\sourcemods\open_fortress\mapsrc\AlphaBlaster\dm_hangar.prt...Building visibility clusters...
done (0)
Finding displacement neighbors...
Finding lightmap sample positions...
Displacement Alpha : 0...1...2...3...4...5...6...7...8...9...10
Building Physics collision data...
done (0) (92304 bytes)
Placing detail props : 0...1...2...3...4...5...6...7...8...9...10
Compacting texture/material tables...
Reduced 558 texinfos to 238
Reduced 71 texdatas to 66 (1508 bytes to 1314)
Writing C:\Program Files (x86)\Steam\steamapps\sourcemods\open_fortress\mapsrc\AlphaBlaster\dm_hangar.bsp
Wrote ZIP buffer, estimated size 175689, actual size 174671
0 seconds elapsed



4 threads
reading c:\program files (x86)\steam\steamapps\sourcemods\open_fortress\mapsrc\alphablaster\dm_hangar.bsp
reading c:\program files (x86)\steam\steamapps\sourcemods\open_fortress\mapsrc\alphablaster\dm_hangar.prt
 281 portalclusters
 651 numportals
0...1...2...3...4...5...6...7...8...9...100...1...2...3...4...5...6...7...8...9...10Optimized: 135 visible clusters (0.00%)
Total clusters visible: 23446
Average clusters visible: 83
Building PAS...
Average clusters audible: 211
visdatasize:19383  compressed from 22480
writing c:\program files (x86)\steam\steamapps\sourcemods\open_fortress\mapsrc\alphablaster\dm_hangar.bsp
0 seconds elapsed



[Reading texlights from 'lights.rad']
[34 texlights parsed from 'lights.rad']

Loading c:\program files (x86)\steam\steamapps\sourcemods\open_fortress\mapsrc\alphablaster\dm_hangar.bsp
1218 faces
419435 square feet [60398728.00 square inches]
0 Displacements
0 Square Feet [0.00 Square Inches]
1218 patches before subdivision
40944 patches after subdivision
31 direct lights
0...1...2...3
WARNING: Too many light styles on a face at (2424.000000, -831.000000, 232.000000)
...4...5...6...7...8...9...100...1...2...3...4...5...6...7...8...9...10transfers 3907571, max 433
transfer lists:  29.8 megs
0...1...2...3...4...5...6...7...8...9...10	Bounce #1 added RGB(229387, 147755, 90396)
0...1...2...3...4...5...6...7...8...9...10	Bounce #2 added RGB(37940, 18693, 9198)
0...1...2...3...4...5...6...7...8...9...10	Bounce #3 added RGB(6896, 2690, 1224)
0...1...2...3...4...5...6...7...8...9...10	Bounce #4 added RGB(1326, 416, 196)
0...1...2...3...4...5...6...7...8...9...10	Bounce #5 added RGB(270, 72, 37)
0...1...2...3...4...5...6...7...8...9...10	Bounce #6 added RGB(58, 13, 8)
0...1...2...3...4...5...6...7...8...9...10	Bounce #7 added RGB(13, 3, 2)
0...1...2...3...4...5...6...7...8...9...10	Bounce #8 added RGB(3, 1, 0)
0...1...2...3...4...5...6...7...8...9...10	Bounce #9 added RGB(1, 0, 0)
Build Patch/Sample Hash Table(s).....Done<0.0095 sec>
0...1...2...3...4...5...6...7...8...9...10FinalLightFace Done
0 of 0 (0% of) surface lights went in leaf ambient cubes.
0...1...2...3...4...5...6...7...8...9...10Writing leaf ambient...done
Ready to Finish

Object names       Objects/Maxobjs  Memory / Maxmem  Fullness 
------------       ---------------  ---------------  -------- 
models                   9/4096          432/196608   ( 0.2%) 
brushes                257/16384        3084/196608   ( 1.6%) 
brushsides            1662/65536       13296/524288   ( 2.5%) 
planes                 806/65536       16120/1310720  ( 1.2%) 
vertexes              2130/65536       25560/786432   ( 3.3%) 
nodes                  766/65536       24512/2097152  ( 1.2%) 
texinfos               238/12288       17136/884736   ( 1.9%) 
texdata                 66/2048         2112/65536    ( 3.2%) 
dispinfos                0/0               0/0        ( 0.0%) 
disp_verts               0/0               0/0        ( 0.0%) 
disp_tris                0/0               0/0        ( 0.0%) 
disp_lmsamples           0/0               0/0        ( 0.0%) 
faces                 1218/65536       68208/3670016  ( 1.9%) 
hdr faces                0/65536           0/3670016  ( 0.0%) 
origfaces              580/65536       32480/3670016  ( 0.9%) 
leaves                 776/65536       24832/2097152  ( 1.2%) 
leaffaces             1336/65536        2672/131072   ( 2.0%) 
leafbrushes            601/65536        1202/131072   ( 0.9%) 
areas                    2/1024           16/8192     ( 0.2%) 
surfedges             8103/512000      32412/2048000  ( 1.6%) 
edges                 4738/256000      18952/1024000  ( 1.9%) 
LDR worldlights         31/16384        2728/1441792  ( 0.2%) 
HDR worldlights          0/16384           0/1441792  ( 0.0%) 
leafwaterdata            0/32768           0/393216   ( 0.0%) 
waterstrips            114/65536        1140/655360   ( 0.2%) 
waterverts               0/65536           0/786432   ( 0.0%) 
waterindices          1647/65536        3294/131072   ( 2.5%) 
cubemapsamples           0/1024            0/16384    ( 0.0%) 
overlays                35/1024        12320/360448   ( 3.4%) 
LDR lightdata         [variable]     2879184/0        ( 0.0%) 
HDR lightdata         [variable]           0/0        ( 0.0%) 
visdata               [variable]       19383/16777216 ( 0.1%) 
entdata               [variable]      101739/393216   (25.9%) 
LDR ambient table      776/65536        3104/262144   ( 1.2%) 
HDR ambient table      776/65536        3104/262144   ( 1.2%) 
LDR leaf ambient      4079/65536      114212/1835008  ( 6.2%) 
HDR leaf ambient       776/65536       21728/1835008  ( 1.2%) 
occluders                0/0               0/0        ( 0.0%) 
occluder polygons        0/0               0/0        ( 0.0%) 
occluder vert ind        0/0               0/0        ( 0.0%) 
detail props          [variable]           1/12       ( 8.3%) 
static props          [variable]           1/12       ( 8.3%) 
pakfile               [variable]      174671/0        ( 0.0%) 
physics               [variable]       92304/4194304  ( 2.2%) 
physics terrain       [variable]           2/1048576  ( 0.0%) 

Level flags = 1

Total triangle count: 3344
Writing c:\program files (x86)\steam\steamapps\sourcemods\open_fortress\mapsrc\alphablaster\dm_hangar.bsp
39 seconds elapsed



[Reading texlights from 'lights.rad']
[34 texlights parsed from 'lights.rad']

Loading c:\program files (x86)\steam\steamapps\sourcemods\open_fortress\mapsrc\alphablaster\dm_hangar.bsp
1218 faces
419435 square feet [60398728.00 square inches]
0 Displacements
0 Square Feet [0.00 Square Inches]
1218 patches before subdivision
40944 patches after subdivision
31 direct lights
0...1...2


materialPath: C:\Program Files (x86)\Steam\steamapps\sourcemods\open_fortress\materials
Loading C:\Program Files (x86)\Steam\steamapps\sourcemods\open_fortress\mapsrc\AlphaBlaster\dm_hangar.vmf
Map revision 938
ConVarRef mat_reduceparticles doesn't point to an existing ConVar
Could not locate 'GameData' key in c:\program files (x86)\steam\steamapps\sourcemods\open_fortress\gameinfo.txt
Patching WVT material: maps/dm_hangar/dev/dev_blendmeasure_wvt_patch
fixing up env_cubemap materials on brush sides...
0...1...2...3...4...5...6...7...8...9...100...1...2...3...4...5...6...7...8...9...10
FindPortalSide: Couldn't find a good match for which brush to assign to a portal near (1520.0 1430.3 72.0)
Leaf 0 contents: CONTENTS_SOLID 
Leaf 1 contents: 
viscontents (node 0 contents ^ node 1 contents): CONTENTS_SOLID 
This means that none of the brushes in leaf 0 or 1 that touches the portal has CONTENTS_SOLID 
Check for a huge brush enclosing the coordinates above that has contents CONTENTS_SOLID 
Candidate brush IDs: Brush 9433: 


FindPortalSide: Couldn't find a good match for which brush to assign to a portal near (1520.0 1430.3 208.0)
Leaf 0 contents: CONTENTS_SOLID 
Leaf 1 contents: 
viscontents (node 0 contents ^ node 1 contents): CONTENTS_SOLID 
This means that none of the brushes in leaf 0 or 1 that touches the portal has CONTENTS_SOLID 
Check for a huge brush enclosing the coordinates above that has contents CONTENTS_SOLID 
Candidate brush IDs: Brush 9433: 


FindPortalSide: Couldn't find a good match for which brush to assign to a portal near (1601.9 1460.8 200.0)
Leaf 0 contents: CONTENTS_SOLID 
Leaf 1 contents: 
viscontents (node 0 contents ^ node 1 contents): CONTENTS_SOLID 
This means that none of the brushes in leaf 0 or 1 that touches the portal has CONTENTS_SOLID 
Check for a huge brush enclosing the coordinates above that has contents CONTENTS_SOLID 
Candidate brush IDs: Brush 9433: 

Processing areas...done (0)
Building Faces...done (0)
Chop Details...done (0)
Find Visible Detail Sides...done (0)
Merging details...done (0)
FixTjuncs...
PruneNodes...
WriteBSP...
done (0)
writing C:\Program Files (x86)\Steam\steamapps\sourcemods\open_fortress\mapsrc\AlphaBlaster\dm_hangar.prt...Building visibility clusters...
done (0)
Finding displacement neighbors...
Finding lightmap sample positions...
Displacement Alpha : 0...1...2...3...4...5...6...7...8...9...10
Building Physics collision data...
done (0) (92304 bytes)
Placing detail props : 0...1...2...3...4...5...6...7...8...9...10
Compacting texture/material tables...
Reduced 558 texinfos to 238
Reduced 71 texdatas to 66 (1508 bytes to 1314)
Writing C:\Program Files (x86)\Steam\steamapps\sourcemods\open_fortress\mapsrc\AlphaBlaster\dm_hangar.bsp
Wrote ZIP buffer, estimated size 175689, actual size 174671
0 seconds elapsed



4 threads
reading c:\program files (x86)\steam\steamapps\sourcemods\open_fortress\mapsrc\alphablaster\dm_hangar.bsp
reading c:\program files (x86)\steam\steamapps\sourcemods\open_fortress\mapsrc\alphablaster\dm_hangar.prt
 281 portalclusters
 651 numportals
0...1...2...3...4...5...6...7...8...9...100...1...2...3...4...5...6...7...8...9...10Optimized: 135 visible clusters (0.00%)
Total clusters visible: 23446
Average clusters visible: 83
Building PAS...
Average clusters audible: 211
visdatasize:19383  compressed from 22480
writing c:\program files (x86)\steam\steamapps\sourcemods\open_fortress\mapsrc\alphablaster\dm_hangar.bsp
0 seconds elapsed



[Reading texlights from 'lights.rad']
[34 texlights parsed from 'lights.rad']

Loading c:\program files (x86)\steam\steamapps\sourcemods\open_fortress\mapsrc\alphablaster\dm_hangar.bsp
1218 faces
419435 square feet [60398728.00 square inches]
0 Displacements
0 Square Feet [0.00 Square Inches]
1218 patches before subdivision
40944 patches after subdivision
31 direct lights
0...1...2...3
WARNING: Too many light styles on a face at (2424.000000, -831.000000, 232.000000)
...4...5...6...7...8...9...100...1...2...3...4...5...6...7...8...9...10transfers 3907526, max 434
transfer lists:  29.8 megs
0...1...2...3...4...5...6...7...8...9...10	Bounce #1 added RGB(229408, 147757, 90399)
0...1...2...3...4...5...6...7...8...9...10	Bounce #2 added RGB(37942, 18693, 9198)
0...1...2...3...4...5...6...7...8...9...10	Bounce #3 added RGB(6897, 2690, 1224)
0...1...2...3...4...5...6...7...8...9...10	Bounce #4 added RGB(1326, 416, 196)
0...1...2...3...4...5...6...7...8...9...10	Bounce #5 added RGB(270, 72, 37)
0...1...2...3...4...5...6...7...8...9...10	Bounce #6 added RGB(58, 13, 8)
0...1...2...3...4...5...6...7...8...9...10	Bounce #7 added RGB(13, 3, 2)
0...1...2...3...4...5...6...7...8...9...10	Bounce #8 added RGB(3, 1, 0)
0...1...2...3...4...5...6...7...8...9...10	Bounce #9 added RGB(1, 0, 0)
Build Patch/Sample Hash Table(s).....Done<0.0102 sec>
0...1...2...3...4...5...6...7...8...9...10FinalLightFace Done
0 of 0 (0% of) surface lights went in leaf ambient cubes.
0...1...2...3...4...5...6...7...8...9...10Writing leaf ambient...done
Ready to Finish

Object names       Objects/Maxobjs  Memory / Maxmem  Fullness 
------------       ---------------  ---------------  -------- 
models                   9/4096          432/196608   ( 0.2%) 
brushes                257/16384        3084/196608   ( 1.6%) 
brushsides            1662/65536       13296/524288   ( 2.5%) 
planes                 806/65536       16120/1310720  ( 1.2%) 
vertexes              2130/65536       25560/786432   ( 3.3%) 
nodes                  766/65536       24512/2097152  ( 1.2%) 
texinfos               238/12288       17136/884736   ( 1.9%) 
texdata                 66/2048         2112/65536    ( 3.2%) 
dispinfos                0/0               0/0        ( 0.0%) 
disp_verts               0/0               0/0        ( 0.0%) 
disp_tris                0/0               0/0        ( 0.0%) 
disp_lmsamples           0/0               0/0        ( 0.0%) 
faces                 1218/65536       68208/3670016  ( 1.9%) 
hdr faces                0/65536           0/3670016  ( 0.0%) 
origfaces              580/65536       32480/3670016  ( 0.9%) 
leaves                 776/65536       24832/2097152  ( 1.2%) 
leaffaces             1336/65536        2672/131072   ( 2.0%) 
leafbrushes            601/65536        1202/131072   ( 0.9%) 
areas                    2/1024           16/8192     ( 0.2%) 
surfedges             8103/512000      32412/2048000  ( 1.6%) 
edges                 4738/256000      18952/1024000  ( 1.9%) 
LDR worldlights         31/16384        2728/1441792  ( 0.2%) 
HDR worldlights          0/16384           0/1441792  ( 0.0%) 
leafwaterdata            0/32768           0/393216   ( 0.0%) 
waterstrips            114/65536        1140/655360   ( 0.2%) 
waterverts               0/65536           0/786432   ( 0.0%) 
waterindices          1647/65536        3294/131072   ( 2.5%) 
cubemapsamples           0/1024            0/16384    ( 0.0%) 
overlays                35/1024        12320/360448   ( 3.4%) 
LDR lightdata         [variable]     2881084/0        ( 0.0%) 
HDR lightdata         [variable]           0/0        ( 0.0%) 
visdata               [variable]       19383/16777216 ( 0.1%) 
entdata               [variable]      104320/393216   (26.5%) 
LDR ambient table      776/65536        3104/262144   ( 1.2%) 
HDR ambient table      776/65536        3104/262144   ( 1.2%) 
LDR leaf ambient      4081/65536      114268/1835008  ( 6.2%) 
HDR leaf ambient       776/65536       21728/1835008  ( 1.2%) 
occluders                0/0               0/0        ( 0.0%) 
occluder polygons        0/0               0/0        ( 0.0%) 
occluder vert ind        0/0               0/0        ( 0.0%) 
detail props          [variable]           1/12       ( 8.3%) 
static props          [variable]           1/12       ( 8.3%) 
pakfile               [variable]      174671/0        ( 0.0%) 
physics               [variable]       92304/4194304  ( 2.2%) 
physics terrain       [variable]           2/1048576  ( 0.0%) 

Level flags = 1

Total triangle count: 3344
Writing c:\program files (x86)\steam\steamapps\sourcemods\open_fortress\mapsrc\alphablaster\dm_hangar.bsp
46 seconds elapsed



[Reading texlights from 'lights.rad']
[34 texlights parsed from 'lights.rad']

Loading c:\program files (x86)\steam\steamapps\sourcemods\open_fortress\mapsrc\alphablaster\dm_hangar.bsp
1218 faces
419435 square feet [60398728.00 square inches]
0 Displacements
0 Square Feet [0.00 Square Inches]
1218 patches before subdivision
40944 patches after subdivision
31 direct lights
0...1...2...
WARNING: Too many light styles on a face at (2424.000000, -831.000000, 232.000000)
3...4...5...6...7...8...9...100...1...2...3...4...5...6...7...8...9...10transfers 3907526, max 434
transfer lists:  29.8 megs
0...1...2...3...4...5...6...7...8...9...10	Bounce #1 added RGB(229407, 147757, 90399)
0...1...2...3...4...5...6...7...8...9...10	Bounce #2 added RGB(37942, 18693, 9198)
0...1...2...3...4...5...6...7...8...9...10	Bounce #3 added RGB(6897, 2690, 1224)
0...1...2...3...4...5...6...7...8...9...10	Bounce #4 added RGB(1326, 416, 196)
0...1...2...3...4...5...6...7...8...9...10	Bounce #5 added RGB(270, 72, 37)
0...1...2...3...4...5...6...7...8...9...10	Bounce #6 added RGB(58, 13, 8)
0...1...2...3...4...5...6...7...8...9...10	Bounce #7 added RGB(13, 3, 2)
0...1...2...3...4...5...6...7...8...9...10	Bounce #8 added RGB(3, 1, 0)
0...1...2...3...4...5...6...7...8...9...10	Bounce #9 added RGB(1, 0, 0)
Build Patch/Sample Hash Table(s).....Done<0.0114 sec>
0...1...2...3...4...5...6...7...8...9...10FinalLightFace Done
0 of 0 (0% of) surface lights went in leaf ambient cubes.
0...1...2...3...4...5...6...7...8...9...10Writing leaf ambient...done
Ready to Finish

Object names       Objects/Maxobjs  Memory / Maxmem  Fullness 
------------       ---------------  ---------------  -------- 
models                   9/4096          432/196608   ( 0.2%) 
brushes                257/16384        3084/196608   ( 1.6%) 
brushsides            1662/65536       13296/524288   ( 2.5%) 
planes                 806/65536       16120/1310720  ( 1.2%) 
vertexes              2130/65536       25560/786432   ( 3.3%) 
nodes                  766/65536       24512/2097152  ( 1.2%) 
texinfos               238/12288       17136/884736   ( 1.9%) 
texdata                 66/2048         2112/65536    ( 3.2%) 
dispinfos                0/0               0/0        ( 0.0%) 
disp_verts               0/0               0/0        ( 0.0%) 
disp_tris                0/0               0/0        ( 0.0%) 
disp_lmsamples           0/0               0/0        ( 0.0%) 
faces                 1218/65536       68208/3670016  ( 1.9%) 
hdr faces             1218/65536       68208/3670016  ( 1.9%) 
origfaces              580/65536       32480/3670016  ( 0.9%) 
leaves                 776/65536       24832/2097152  ( 1.2%) 
leaffaces             1336/65536        2672/131072   ( 2.0%) 
leafbrushes            601/65536        1202/131072   ( 0.9%) 
areas                    2/1024           16/8192     ( 0.2%) 
surfedges             8103/512000      32412/2048000  ( 1.6%) 
edges                 4738/256000      18952/1024000  ( 1.9%) 
LDR worldlights         31/16384        2728/1441792  ( 0.2%) 
HDR worldlights         31/16384        2728/1441792  ( 0.2%) 
leafwaterdata            0/32768           0/393216   ( 0.0%) 
waterstrips            114/65536        1140/655360   ( 0.2%) 
waterverts               0/65536           0/786432   ( 0.0%) 
waterindices          1647/65536        3294/131072   ( 2.5%) 
cubemapsamples           0/1024            0/16384    ( 0.0%) 
overlays                35/1024        12320/360448   ( 3.4%) 
LDR lightdata         [variable]     2881084/0        ( 0.0%) 
HDR lightdata         [variable]     2881084/0        ( 0.0%) 
visdata               [variable]       19383/16777216 ( 0.1%) 
entdata               [variable]      104320/393216   (26.5%) 
LDR ambient table      776/65536        3104/262144   ( 1.2%) 
HDR ambient table      776/65536        3104/262144   ( 1.2%) 
LDR leaf ambient      4081/65536      114268/1835008  ( 6.2%) 
HDR leaf ambient      4081/65536      114268/1835008  ( 6.2%) 
occluders                0/0               0/0        ( 0.0%) 
occluder polygons        0/0               0/0        ( 0.0%) 
occluder vert ind        0/0               0/0        ( 0.0%) 
detail props          [variable]           1/12       ( 8.3%) 
static props          [variable]           1/12       ( 8.3%) 
pakfile               [variable]      174671/0        ( 0.0%) 
physics               [variable]       92304/4194304  ( 2.2%) 
physics terrain       [variable]           2/1048576  ( 0.0%) 

Level flags = 3

Total triangle count: 3344
Writing c:\program files (x86)\steam\steamapps\sourcemods\open_fortress\mapsrc\alphablaster\dm_hangar.bsp
47 seconds elapsed
