PRT1
281
651
4 0 3 (2328 1152 336 ) (2328 1330 336 ) (2328 1330 208 ) (2328 1152 208 ) 
4 0 1 (2370.760010 1152 208 ) (2784.302734 1152 208 ) (2784.302734 1152 336 ) (2370.760010 1152 336 ) 
4 1 6 (2576 1024 336 ) (2488.040039 1024 336 ) (2488.040039 1024 208 ) (2576 1024 208 ) 
4 1 5 (2816 1024 208 ) (2816 1024 336 ) (2576 1024 336 ) (2576 1024 208 ) 
4 2 10 (2048 1330 336 ) (2048 1378 336 ) (2048 1378 208 ) (2048 1330 208 ) 
4 2 4 (2048 1378 208 ) (2120 1378 208 ) (2165 1330 208 ) (2048 1330 208 ) 
4 2 3 (2048 1330 208 ) (2165 1330 208 ) (2165 1330 336 ) (2048 1330 336 ) 
4 3 10 (2048 1024 208 ) (2048 1024 336 ) (2048 1330 336 ) (2048 1330 208 ) 
4 3 7 (2048 1024 336 ) (2048 1024 208 ) (2328 1024 208 ) (2328 1024 336 ) 
5 3 4 (2328 1156 208 ) (2328 1024 208 ) (2048 1024 208 ) (2048 1330 208 ) (2164.972656 1330 208 ) 
4 4 10 (2048 1024 64 ) (2048 1024 208 ) (2048 1378 208 ) (2048 1378 64 ) 
4 4 7 (2048 1024 208 ) (2048 1024 64 ) (2328 1024 64 ) (2328 1024 208 ) 
4 5 73 (2576 0 208 ) (2816 0 208 ) (2816 0 336 ) (2576 0 336 ) 
4 5 6 (2576 1024 208 ) (2576 928 208 ) (2576 928 336 ) (2576 1024 336 ) 
4 7 76 (2048 0 336 ) (2048 0 208 ) (2328 0 208 ) (2328 0 336 ) 
4 7 77 (2048 0 208 ) (2048 0 64 ) (2328 0 64 ) (2328 0 208 ) 
4 7 52 (2048 0 64 ) (2048 0 336 ) (2048 832 336 ) (2048 832 64 ) 
4 7 50 (2048 832 336 ) (2048 1024 336 ) (2048 1024 64 ) (2048 832 64 ) 
5 7 8 (2048 0 64 ) (2048 636.093384 64 ) (2240 848 64 ) (2328 792.743042 64 ) (2328 0 64 ) 
4 8 83 (2048 0 64 ) (2048 0 0 ) (2240 0 0 ) (2240 0 64 ) 
4 8 82 (2240 0 0 ) (2328 0 0 ) (2328 0 64 ) (2240 0 64 ) 
4 8 57 (2048 0 0 ) (2048 0 64 ) (2048 272 64 ) (2048 272 0 ) 
4 8 55 (2048 272 64 ) (2048 636.093384 64 ) (2048 636.093384 0 ) (2048 272 0 ) 
4 9 12 (1520 1568.672119 64 ) (1520 1482.696655 64 ) (1520 1482.696655 80 ) (1520 1568.672119 80 ) 
4 9 11 (1520 1482.696655 80 ) (1520 1482.696655 336 ) (1520 1568.672119 336 ) (1520 1568.672119 80 ) 
4 10 50 (2048 1024 64 ) (2048 1024 336 ) (1520 1024 336 ) (1520 1024 64 ) 
4 10 13 (1520 1264 64 ) (1520 1024 64 ) (1520 1024 336 ) (1520 1264 336 ) 
4 10 12 (1520 1378 64 ) (1520 1320 64 ) (1520 1320 80 ) (1520 1378 80 ) 
4 10 11 (1520 1320 80 ) (1520 1320 336 ) (1520 1378 336 ) (1520 1378 80 ) 
4 11 14 (1440 1376 336 ) (1440 1632 336 ) (1440 1632 80 ) (1440 1376 80 ) 
5 11 12 (1520 1320 80 ) (1440 1376 80 ) (1440 1376.011597 80 ) (1486.901245 1594.873169 80 ) (1520 1568.672241 80 ) 
4 13 50 (1520 1024 336 ) (1440 1024 336 ) (1440 1024 64 ) (1520 1024 64 ) 
4 14 17 (1424 1376 80 ) (1424 1376 336 ) (1424 1632 336 ) (1424 1632 80 ) 
4 15 21 (1312 1664 160 ) (1312 1664 256 ) (1312 1776 256 ) (1312 1776 160 ) 
4 15 20 (1312 1776 256 ) (1312 1888 256 ) (1312 1888 160 ) (1312 1776 160 ) 
4 16 23 (1312 1632 336 ) (1312 1656 336 ) (1312 1656 96 ) (1312 1632 96 ) 
4 16 17 (1312 1632 80 ) (1416 1632 80 ) (1416 1632 336 ) (1312 1632 336 ) 
4 17 23 (1312 1376 336 ) (1312 1632 336 ) (1312 1632 96 ) (1312 1376 96 ) 
4 17 18 (1312 1376 80 ) (1416 1376 80 ) (1416 1376 336 ) (1312 1376 336 ) 
4 18 23 (1312 1352 336 ) (1312 1376 336 ) (1312 1376 96 ) (1312 1352 96 ) 
4 19 29 (1312 1120 256 ) (1312 1232 256 ) (1312 1232 160 ) (1312 1120 160 ) 
4 19 26 (1312 1232 256 ) (1312 1344 256 ) (1312 1344 160 ) (1312 1232 160 ) 
4 20 30 (1024 1776 160 ) (1024 1776 256 ) (1024 1888 256 ) (1024 1888 160 ) 
4 20 22 (1168 1776 256 ) (1024 1776 256 ) (1024 1776 160 ) (1168 1776 160 ) 
4 20 21 (1312 1776 160 ) (1312 1776 256 ) (1168 1776 256 ) (1168 1776 160 ) 
4 21 23 (1312 1656 96 ) (1312 1656 336 ) (1168 1656 336 ) (1168 1656 96 ) 
4 21 22 (1168 1776 336 ) (1168 1776 96 ) (1168 1672 96 ) (1168 1672 336 ) 
4 22 31 (1024 1672 336 ) (1024 1776 336 ) (1024 1776 96 ) (1024 1672 96 ) 
4 23 26 (1168 1352 96 ) (1312 1352 96 ) (1312 1352 336 ) (1168 1352 336 ) 
4 24 25 (1040 1656 320 ) (1040 1656 112 ) (1040 1352 112 ) (1040 1352 320 ) 
4 25 32 (1024 1656 272 ) (1024 1656 104 ) (1024 1352 104 ) (1024 1352 272 ) 
4 26 29 (1312 1232 160 ) (1312 1232 256 ) (1168 1232 256 ) (1168 1232 160 ) 
4 26 27 (1168 1336 96 ) (1168 1232 96 ) (1168 1232 336 ) (1168 1336 336 ) 
4 27 29 (1168 1232 160 ) (1168 1232 256 ) (1152 1232 256 ) (1152 1232 160 ) 
4 27 28 (1152 1336 96 ) (1152 1232 96 ) (1152 1232 336 ) (1152 1336 336 ) 
4 28 33 (1024 1232 336 ) (1024 1336 336 ) (1024 1336 96 ) (1024 1232 96 ) 
4 28 29 (1152 1232 160 ) (1152 1232 256 ) (1024 1232 256 ) (1024 1232 160 ) 
4 29 45 (1024 1120 256 ) (1024 1232 256 ) (1024 1232 160 ) (1024 1120 160 ) 
4 30 40 (736 1776 256 ) (624 1776 256 ) (624 1776 160 ) (736 1776 160 ) 
4 30 38 (912 1776 256 ) (784 1776 256 ) (784 1776 160 ) (912 1776 160 ) 
4 30 34 (1008 1776 256 ) (912 1776 256 ) (912 1776 160 ) (1008 1776 160 ) 
4 30 39 (784 1776 256 ) (736 1776 256 ) (736 1776 160 ) (784 1776 160 ) 
4 30 31 (1024 1776 160 ) (1024 1776 256 ) (1008 1776 256 ) (1008 1776 160 ) 
4 31 34 (1008 1776 336 ) (1008 1776 96 ) (1008 1672 96 ) (1008 1672 336 ) 
4 32 34 (1008 1352 104 ) (1008 1352 272 ) (1008 1656 272 ) (1008 1656 104 ) 
4 33 45 (1024 1232 160 ) (1024 1232 256 ) (1008 1232 256 ) (1008 1232 160 ) 
4 33 34 (1008 1336 96 ) (1008 1232 96 ) (1008 1232 336 ) (1008 1336 336 ) 
4 34 45 (1008 1232 160 ) (1008 1232 256 ) (912 1232 256 ) (912 1232 160 ) 
4 34 36 (912 1632 272 ) (912 1376 272 ) (912 1376 336 ) (912 1632 336 ) 
4 34 37 (912 1312 272 ) (912 1232 272 ) (912 1232 336 ) (912 1312 336 ) 
4 34 35 (912 1776 336 ) (912 1776 272 ) (912 1696 272 ) (912 1696 336 ) 
4 34 38 (912 1776 272 ) (912 1776 96 ) (912 1232 96 ) (912 1232 272 ) 
4 35 39 (784 1776 336 ) (784 1776 272 ) (784 1696 272 ) (784 1696 336 ) 
4 35 38 (784 1696 272 ) (784 1776 272 ) (912 1776 272 ) (912 1696 272 ) 
4 36 38 (784 1376 272 ) (784 1632 272 ) (912 1632 272 ) (912 1376 272 ) 
4 36 39 (784 1632 272 ) (784 1376 272 ) (784 1376 336 ) (784 1632 336 ) 
4 37 39 (784 1312 272 ) (784 1232 272 ) (784 1232 336 ) (784 1312 336 ) 
4 37 38 (784 1232 272 ) (784 1312 272 ) (912 1312 272 ) (912 1232 272 ) 
4 38 45 (912 1232 160 ) (912 1232 256 ) (784 1232 256 ) (784 1232 160 ) 
4 38 39 (784 1776 272 ) (784 1776 96 ) (784 1232 96 ) (784 1232 272 ) 
4 39 45 (784 1232 160 ) (784 1232 256 ) (736 1232 256 ) (736 1232 160 ) 
4 39 44 (736 1232 160 ) (736 1232 256 ) (736 1344 256 ) (736 1344 160 ) 
4 39 43 (736 1376 96 ) (736 1352 96 ) (736 1352 336 ) (736 1376 336 ) 
4 39 41 (736 1656 96 ) (736 1632 96 ) (736 1632 336 ) (736 1656 336 ) 
4 39 42 (736 1632 96 ) (736 1376 96 ) (736 1376 336 ) (736 1632 336 ) 
4 39 40 (736 1776 256 ) (736 1776 160 ) (736 1664 160 ) (736 1664 256 ) 
4 41 42 (632 1632 96 ) (736 1632 96 ) (736 1632 336 ) (632 1632 336 ) 
4 42 46 (624 1632 256 ) (624 1632 96 ) (624 1376 96 ) (624 1376 256 ) 
4 42 43 (632 1376 96 ) (736 1376 96 ) (736 1376 336 ) (632 1376 336 ) 
4 44 45 (736 1232 160 ) (736 1232 256 ) (624 1232 256 ) (624 1232 160 ) 
4 46 47 (620 1632 96 ) (620 1376 96 ) (620 1376 240 ) (620 1632 240 ) 
4 47 48 (604 1376 96 ) (604 1376 240 ) (604 1632 240 ) (604 1632 96 ) 
4 48 49 (519.757019 1376 256 ) (258.287109 1376 256 ) (258.287109 1376 96 ) (519.757019 1376 96 ) 
4 49 64 (349.090729 1024 96 ) (349.090729 1024 256 ) (132.571167 1024 256 ) (132.571167 1024 96 ) 
4 50 52 (2048 832 64 ) (2048 832 336 ) (1440 832 336 ) (1440 832 64 ) 
4 50 51 (1955.833740 832 64 ) (1874.222290 832 64 ) (1972 848 64 ) (1972.359985 848 64 ) 
4 51 54 (1955.833740 832 64 ) (1874.222290 832 64 ) (1874.222412 832 0 ) (1955.833740 832 0 ) 
4 52 88 (2048 0 64 ) (2048 0 336 ) (1440 0 336 ) (1440 0 64 ) 
4 52 58 (1750.448120 0 64 ) (1440 0 64 ) (1440 272 64 ) (1504 272 64 ) 
4 52 57 (2048 272 64 ) (2048 0 64 ) (2011.199951 0 64 ) (1712 272 64 ) 
4 52 56 (1504 771.418152 64 ) (1504 272 64 ) (1440 272 64 ) (1440 760.945435 64 ) 
3 52 55 (2048 636.093262 64 ) (2048 272 64 ) (1718.109863 272 64 ) 
4 52 54 (1874.222290 832 64 ) (1955.833740 832 64 ) (1504 394.553040 64 ) (1504 771.418213 64 ) 
4 52 53 (1440 384 96 ) (1440 0 96 ) (1440 0 320 ) (1440 384 320 ) 
4 53 94 (1376 0 320 ) (1376 0 96 ) (1440 0 96 ) (1440 0 320 ) 
4 53 59 (1376 384 96 ) (1376 0 96 ) (1376 0 320 ) (1376 384 320 ) 
4 54 56 (1504 771.418152 0 ) (1504 394.553040 0 ) (1504 394.553040 64 ) (1504 771.418213 64 ) 
4 55 57 (1718.109863 272 0 ) (2048 272 0 ) (2048 272 64 ) (1718.109863 272 64 ) 
4 56 58 (1440 272 0 ) (1504 272 0 ) (1504 272 64 ) (1440 272 64 ) 
4 57 89 (2048 0 0 ) (2048 0 64 ) (2011.199951 0 64 ) (2011.199951 0 0 ) 
4 58 90 (1750.448120 0 64 ) (1440 0 64 ) (1440 0 0 ) (1750.448120 0 0 ) 
4 59 97 (1328 0 197.403000 ) (1296 0 197.403000 ) (1296 0 48 ) (1328 0 48 ) 
4 59 96 (1376 0 48 ) (1376 0 197.403000 ) (1328 0 197.403000 ) (1328 0 48 ) 
4 59 100 (1296 0 197.403000 ) (1120 0 197.403000 ) (1120 0 48 ) (1296 0 48 ) 
4 59 95 (1376 0 197.403000 ) (1376 0 416 ) (1120 0 416 ) (1120 0 197.403000 ) 
4 59 60 (1120 832 416 ) (1120 832 48 ) (1120 0 48 ) (1120 0 416 ) 
4 60 100 (1024 0 197.403000 ) (1024 0 48 ) (1120 0 48 ) (1120 0 197.403000 ) 
4 60 95 (1024 0 416 ) (1024 0 197.403000 ) (1120 0 197.403000 ) (1120 0 416 ) 
4 60 62 (1024 0 48 ) (1024 0 416 ) (1024 832 416 ) (1024 832 48 ) 
4 60 61 (1120 416 48 ) (1120 0 48 ) (1024 0 48 ) (1024 512 48 ) 
4 61 101 (1024 0 48 ) (1024 0 16 ) (1120 0 16 ) (1120 0 48 ) 
4 61 63 (1024 0 16 ) (1024 0 48 ) (1024 512 48 ) (1024 512 16 ) 
4 62 113 (1024 0 48 ) (1024 0 256 ) (384 0 256 ) (384 0 48 ) 
4 62 108 (1024 0 256 ) (1024 0 288 ) (736 0 288 ) (736 0 256 ) 
4 62 112 (736 0 288 ) (384 0 288 ) (384 0 256 ) (736 0 256 ) 
4 62 107 (1024 0 288 ) (1024 0 416 ) (384 0 416 ) (384 0 288 ) 
4 62 66 (384 80 320 ) (384 192 320 ) (384 192 96 ) (384 80 96 ) 
6 62 63 (1024 0 48 ) (640 0 48 ) (640 416 48 ) (800 576 48 ) (960 576 48 ) (1024 512 48 ) 
4 63 118 (1024 0 16 ) (1024 0 48 ) (640 0 48 ) (640 0 16 ) 
4 64 67 (193.939514 704 256 ) (64 704 256 ) (64 704 96 ) (193.939514 704 96 ) 
4 64 65 (193.939606 704 96 ) (256 832 96 ) (256 831.997314 256 ) (193.941406 704 256 ) 
4 65 67 (288 704 256 ) (193.939514 704 256 ) (193.939514 704 96 ) (288 704 96 ) 
4 66 72 (320 192 96 ) (320 80 96 ) (320 80 320 ) (320 192 320 ) 
4 67 155 (0 256 96 ) (0 256 256 ) (0 576 256 ) (0 576 96 ) 
4 67 154 (0 576 256 ) (0 704 256 ) (0 704 96 ) (0 576 96 ) 
4 67 71 (128 256 256 ) (0 256 256 ) (0 256 96 ) (128 256 96 ) 
4 67 69 (320 256 96 ) (320 256 256 ) (192 256 256 ) (192 256 96 ) 
3 68 69 (320 192 256 ) (192 192 256 ) (192 256 256 ) 
4 68 72 (320 192 256 ) (320 192 384 ) (192 192 384 ) (192 192 256 ) 
3 69 70 (320 192 96 ) (192 192 96 ) (192 256 96 ) 
4 69 72 (320 192 96 ) (320 192 256 ) (192 192 256 ) (192 192 96 ) 
4 70 72 (192 192 64 ) (320 192 64 ) (320 192 96 ) (192 192 96 ) 
4 71 156 (0 192 384 ) (0 256 384 ) (0 256 80 ) (0 192 80 ) 
4 71 72 (128 192 80 ) (128 192 384 ) (0 192 384 ) (0 192 80 ) 
4 72 158 (0 0 64 ) (0 0 80 ) (0 192 80 ) (0 192 64 ) 
4 72 157 (0 0 80 ) (0 0 384 ) (0 192 384 ) (0 192 80 ) 
4 72 120 (320 0 64 ) (320 0 384 ) (0 0 384 ) (0 0 64 ) 
4 73 74 (2576 -640 208 ) (2816 -640 208 ) (2816 -640 336 ) (2576 -640 336 ) 
4 74 78 (2328 -832 208 ) (2328 -832 336 ) (2328 -640 336 ) (2328 -640 208 ) 
4 74 75 (2328 -832 208 ) (2328 -640 208 ) (2576 -640 208 ) (2576 -832 208 ) 
4 75 78 (2328 -640 64 ) (2328 -832 64 ) (2328 -832 208 ) (2328 -640 208 ) 
4 76 88 (2048 0 336 ) (2048 0 208 ) (2048 -480 208 ) (2048 -480 336 ) 
4 76 81 (2057.729980 -480 336 ) (2048 -480 336 ) (2048 -480 208 ) (2057.729980 -480 208 ) 
5 76 77 (2060 -480 208 ) (2048 -480 208 ) (2048 0 208 ) (2328 0 208 ) (2328 -304 208 ) 
4 77 88 (2048 0 208 ) (2048 0 64 ) (2048 -480 64 ) (2048 -480 208 ) 
3 77 85 (2148 -439.773010 64 ) (2148 -420 64 ) (2198.489990 -420 64 ) 
5 77 84 (2240 -304 64 ) (2328 -304 64 ) (2328 -420 64 ) (2148 -420 64 ) (2148 -392.825470 64 ) 
3 77 86 (2148 -480 64 ) (2057.709961 -480 64 ) (2148 -392.825470 64 ) 
4 77 83 (2048 -33.454590 64 ) (2048 0 64 ) (2240 0 64 ) (2240 -208 64 ) 
4 77 82 (2240 0 64 ) (2328 0 64 ) (2328 -304 64 ) (2240 -304 64 ) 
4 77 81 (2048 -480 64 ) (2057.729736 -480 64 ) (2057.729736 -480 208 ) (2048 -480 208 ) 
4 77 80 (2080 -480 64 ) (2308 -480 64 ) (2308 -480 208 ) (2080 -480 208 ) 
4 77 79 (2308 -480 64 ) (2328 -480 64 ) (2328 -480 208 ) (2308 -480 208 ) 
4 78 80 (2308 -620 64 ) (2308 -832 64 ) (2308 -832 336 ) (2308 -620 336 ) 
4 79 80 (2308 -480 336 ) (2308 -480 64 ) (2308 -500 64 ) (2308 -500 336 ) 
4 81 88 (2048 -480 64 ) (2048 -492 64 ) (2048 -492 336 ) (2048 -480 336 ) 
4 82 84 (2240 -304 0 ) (2328 -304 0 ) (2328 -304 64 ) (2240 -304 64 ) 
4 82 83 (2240 0 0 ) (2240 -208 0 ) (2240 -208 64 ) (2240 0 64 ) 
4 83 89 (2048 0 64 ) (2048 0 0 ) (2048 -33.454594 0 ) (2048 -33.454590 64 ) 
4 84 85 (2148 -420 64 ) (2148 -420 0 ) (2198.489990 -420 0 ) (2198.489990 -420 64 ) 
4 84 86 (2148 -392.824219 64 ) (2148 -392.824219 0 ) (2148 -420 0 ) (2148 -420 64 ) 
4 85 86 (2148 -420 0 ) (2148 -439.773041 0 ) (2148 -439.773010 64 ) (2148 -420 64 ) 
4 87 148 (2208 -2048 64 ) (2208 -2048 416 ) (2048 -2048 416 ) (2048 -2048 64 ) 
4 87 139 (2048 -1976 416 ) (2048 -1928 416 ) (2048 -1928 64 ) (2048 -1976 64 ) 
4 87 138 (2048 -1928 416 ) (2048 -1664 416 ) (2048 -1664 64 ) (2048 -1928 64 ) 
4 87 142 (2048 -2048 64 ) (2048 -2048 416 ) (2048 -1976 416 ) (2048 -1976 64 ) 
4 88 102 (2048 -832 64 ) (2048 -832 336 ) (1440 -832 336 ) (1440 -832 64 ) 
4 88 94 (1440 -384 320 ) (1440 0 320 ) (1440 0 96 ) (1440 -384 96 ) 
3 88 93 (1440 -596 64 ) (1440 -480 64 ) (1825.969849 -480 64 ) 
3 88 91 (1824 -304 64 ) (2024.570068 -304 64 ) (1824 -446 64 ) 
4 88 92 (1440 -480 64 ) (1440 -304 64 ) (1824 -304 64 ) (1824 -480 64 ) 
4 88 90 (1440 -304 64 ) (1440 0 64 ) (1750.448120 0 64 ) (2025.890015 -304 64 ) 
3 88 89 (2011.199951 0 64 ) (2048 0 64 ) (2048 -33.454594 64 ) 
4 90 91 (2024.570068 -304 64 ) (1824 -304 64 ) (1824 -304 0 ) (2024.570068 -304 0 ) 
4 90 92 (1824 -304 64 ) (1440 -304 64 ) (1440 -304 0 ) (1824 -304 0 ) 
4 91 92 (1824 -304 64 ) (1824 -304 0 ) (1824 -446 0 ) (1824 -446 64 ) 
4 92 93 (1824 -480 64 ) (1440 -480 64 ) (1440 -480 0 ) (1824 -480 0 ) 
4 94 96 (1376 0 197.403000 ) (1376 0 96 ) (1376 -384 96 ) (1376 -384 197.403000 ) 
4 94 95 (1376 -384 320 ) (1376 0 320 ) (1376 0 197.403000 ) (1376 -384 197.403000 ) 
4 95 114 (1024 -752 256 ) (1024 -736 256 ) (1024 -736 197.403000 ) (1024 -752 197.403000 ) 
4 95 113 (1024 -736 256 ) (1024 0 256 ) (1024 0 197.403000 ) (1024 -736 197.403000 ) 
4 95 110 (1024 -752 288 ) (1024 -736 272 ) (1024 -736 256 ) (1024 -752 256 ) 
3 95 109 (1024 -752 288 ) (1024 -736 288 ) (1024 -736 272 ) 
4 95 108 (1024 -736 288 ) (1024 0 288 ) (1024 0 256 ) (1024 -736 256 ) 
4 95 107 (1024 -832 288 ) (1024 -832 416 ) (1024 0 416 ) (1024 0 288 ) 
4 95 98 (1296 -368 197.403000 ) (1296 -352 197.403000 ) (1328 -352 197.403000 ) (1328 -368 197.403000 ) 
4 95 97 (1296 -352 197.403000 ) (1296 0 197.403000 ) (1328 0 197.403000 ) (1328 -352 197.403000 ) 
4 95 99 (1328 -832 197.403000 ) (1296 -832 197.403000 ) (1296 -368 197.403000 ) (1328 -368 197.403000 ) 
4 95 96 (1376 0 197.403000 ) (1376 -832 197.403000 ) (1328 -832 197.403000 ) (1328 0 197.403000 ) 
4 95 100 (1296 -832 197.403000 ) (1024 -832 197.403000 ) (1024 0 197.403000 ) (1296 0 197.403000 ) 
4 96 98 (1328 -352 48 ) (1328 -368 48 ) (1328 -368 197.403000 ) (1328 -352 197.403000 ) 
4 96 97 (1328 0 48 ) (1328 -352 48 ) (1328 -352 197.403000 ) (1328 0 197.403000 ) 
4 96 99 (1328 -368 48 ) (1328 -832 48 ) (1328 -832 197.403000 ) (1328 -368 197.403000 ) 
4 97 100 (1296 0 48 ) (1296 -352 48 ) (1296 -352 197.403000 ) (1296 0 197.403000 ) 
4 97 98 (1296 -352 197.403000 ) (1296 -352 48 ) (1328 -352 48 ) (1328 -352 197.403000 ) 
4 98 99 (1296 -368 197.403000 ) (1296 -368 48 ) (1328 -368 48 ) (1328 -368 197.403000 ) 
4 98 100 (1296 -352 48 ) (1296 -368 48 ) (1296 -368 197.403000 ) (1296 -352 197.403000 ) 
4 99 100 (1296 -368 48 ) (1296 -832 48 ) (1296 -832 197.403000 ) (1296 -368 197.403000 ) 
4 100 114 (1024 -752 197.403000 ) (1024 -736 197.403000 ) (1024 -736 48 ) (1024 -752 48 ) 
4 100 113 (1024 -736 197.403000 ) (1024 0 197.403000 ) (1024 0 48 ) (1024 -736 48 ) 
4 100 101 (1024 0 48 ) (1120 0 48 ) (1120 -416 48 ) (1024 -512 48 ) 
4 101 118 (1024 -512 48 ) (1024 0 48 ) (1024 0 16 ) (1024 -512 16 ) 
4 102 131 (2048 -1024 64 ) (2048 -1024 336 ) (1440 -1024 336 ) (1440 -1024 64 ) 
4 102 104 (1440 -976 64 ) (1440 -1024 64 ) (1440 -1024 224 ) (1440 -976 224 ) 
4 103 129 (1024 -976 -112 ) (1024 -976 272 ) (1024 -960 272 ) (1024 -960 -94.222229 ) 
4 103 106 (1024 -976 64 ) (1024 -976 -112 ) (1040 -976 -104.960037 ) (1040 -976 64 ) 
4 103 105 (1040 -976 272 ) (1024 -976 272 ) (1024 -976 64 ) (1040 -976 64 ) 
4 104 132 (1440 -1024 64 ) (1440 -1024 224 ) (1424 -1024 224 ) (1424 -1024 64 ) 
4 104 105 (1424 -976 64 ) (1424 -1024 64 ) (1424 -1024 224 ) (1424 -976 224 ) 
4 105 133 (1424 -1024 272 ) (1024 -1024 272 ) (1024 -1024 64 ) (1424 -1024 64 ) 
4 105 129 (1024 -1024 64 ) (1024 -1024 272 ) (1024 -976 272 ) (1024 -976 64 ) 
4 105 106 (1024 -976 64 ) (1424 -976 64 ) (1424 -1024 64 ) (1024 -1024 64 ) 
3 106 134 (1424 -1024 64 ) (1024 -1024 64 ) (1024 -1024 -112 ) 
4 106 129 (1024 -1024 -112 ) (1024 -1024 64 ) (1024 -976 64 ) (1024 -976 -112 ) 
4 107 130 (704 -832 416 ) (384 -832 416 ) (384 -832 288 ) (704 -832 288 ) 
4 107 119 (384 -80 288 ) (384 -192 288 ) (384 -192 320 ) (384 -80 320 ) 
4 107 109 (736 -752 288 ) (736 -736 288 ) (1024 -736 288 ) (1024 -752 288 ) 
4 107 108 (736 -736 288 ) (736 0 288 ) (1024 0 288 ) (1024 -736 288 ) 
4 107 112 (736 -832 288 ) (384 -832 288 ) (384 0 288 ) (736 0 288 ) 
4 108 113 (736 -736 256 ) (736 0 256 ) (1024 0 256 ) (1024 -736 256 ) 
4 108 111 (736 -736 272 ) (736 -736 256 ) (752 -736 256 ) (752 -736 272 ) 
4 108 110 (1008 -736 256 ) (1024 -736 256 ) (1024 -736 272 ) (1008 -736 272 ) 
4 108 109 (736 -736 288 ) (736 -736 272 ) (1024 -736 272 ) (1024 -736 288 ) 
4 108 112 (736 0 256 ) (736 -736 256 ) (736 -736 288 ) (736 0 288 ) 
3 109 111 (736 -752 288 ) (736 -736 272 ) (752 -736 272 ) 
3 109 110 (1008 -736 272 ) (1024 -736 272 ) (1024 -752 288 ) 
3 109 112 (736 -752 288 ) (736 -736 288 ) (736 -736 272 ) 
3 110 114 (1008 -736 256 ) (1024 -736 256 ) (1024 -752 256 ) 
3 111 116 (736 -752 256 ) (736 -736 256 ) (752 -736 256 ) 
4 111 112 (736 -736 256 ) (736 -752 256 ) (736 -752 288 ) (736 -736 272 ) 
4 112 130 (704 -832 288 ) (384 -832 288 ) (384 -832 256 ) (704 -832 256 ) 
4 112 119 (384 -192 288 ) (384 -80 288 ) (384 -80 256 ) (384 -192 256 ) 
4 112 117 (736 -832 256 ) (384 -832 256 ) (384 -736 256 ) (736 -736 256 ) 
4 112 113 (384 -736 256 ) (384 0 256 ) (736 0 256 ) (736 -736 256 ) 
4 113 119 (384 -192 256 ) (384 -80 256 ) (384 -80 96 ) (384 -192 96 ) 
6 113 118 (640 0 48 ) (1024 0 48 ) (1024 -512 48 ) (960 -576 48 ) (800 -576 48 ) (640 -416 48 ) 
4 113 116 (736 -736 48 ) (752 -736 48 ) (752 -736 256 ) (736 -736 256 ) 
4 113 115 (768 -736 48 ) (992 -736 48 ) (992 -736 256 ) (768 -736 256 ) 
4 113 117 (384 -736 48 ) (736 -736 48 ) (736 -736 256 ) (384 -736 256 ) 
4 113 114 (1008 -736 48 ) (1024 -736 48 ) (1024 -736 256 ) (1008 -736 256 ) 
4 115 129 (992 -832 256 ) (768 -832 256 ) (768 -832 48 ) (992 -832 48 ) 
4 116 117 (736 -736 256 ) (736 -736 48 ) (736 -752 48 ) (736 -752 256 ) 
4 117 130 (704 -832 256 ) (384 -832 256 ) (384 -832 48 ) (704 -832 48 ) 
4 119 120 (320 -192 320 ) (320 -80 320 ) (320 -80 96 ) (320 -192 96 ) 
4 120 222 (0 0 96 ) (0 0 64 ) (0 -192 64 ) (0 -192 96 ) 
4 120 213 (0 -192 384 ) (0 0 384 ) (0 0 96 ) (0 -192 96 ) 
4 120 124 (128 -192 80 ) (128 -192 384 ) (0 -192 384 ) (0 -192 80 ) 
4 120 123 (192 -192 64 ) (320 -192 64 ) (320 -192 96 ) (192 -192 96 ) 
4 120 122 (320 -192 96 ) (320 -192 256 ) (192 -192 256 ) (192 -192 96 ) 
4 120 121 (320 -192 256 ) (320 -192 384 ) (192 -192 384 ) (192 -192 256 ) 
3 121 122 (192 -256 256 ) (192 -192 256 ) (320 -192 256 ) 
4 122 125 (320 -256 96 ) (320 -256 256 ) (192 -256 256 ) (192 -256 96 ) 
3 122 123 (192 -256 96 ) (192 -192 96 ) (320 -192 96 ) 
4 124 224 (0 -256 80 ) (0 -256 96 ) (0 -192 96 ) (0 -192 80 ) 
4 124 213 (0 -256 96 ) (0 -256 384 ) (0 -192 384 ) (0 -192 96 ) 
4 124 128 (0 -256 208 ) (0 -256 96 ) (64 -256 96 ) (64 -256 208 ) 
4 124 127 (0 -256 256 ) (0 -256 208 ) (64 -256 208 ) (64 -256 256 ) 
4 124 125 (64 -256 96 ) (128 -256 96 ) (128 -256 256 ) (64 -256 256 ) 
4 125 128 (64 -256 96 ) (64 -784 96 ) (64 -784 208 ) (64 -256 208 ) 
4 125 127 (64 -784 208 ) (64 -784 256 ) (64 -256 256 ) (64 -256 208 ) 
4 125 126 (256 -576 96 ) (320 -472 96 ) (320 -472 256 ) (256 -576 256 ) 
4 127 215 (0 -784 256 ) (0 -256 256 ) (0 -256 208 ) (0 -784 208 ) 
4 127 128 (0 -256 208 ) (64 -256 208 ) (64 -784 208 ) (0 -784 208 ) 
4 128 216 (0 -800 208 ) (0 -256 208 ) (0 -256 96 ) (0 -800 96 ) 
4 129 143 (1024 -1024 -112 ) (1024 -1024 272 ) (736 -1024 272 ) (736 -1024 -112 ) 
4 130 225 (0 -1024 48 ) (0 -1024 96 ) (0 -832 96 ) (0 -832 48 ) 
4 130 221 (0 -1024 96 ) (0 -1024 416 ) (0 -832 416 ) (0 -832 96 ) 
4 130 146 (0 -1024 232 ) (0 -1024 48 ) (704 -1024 48 ) (704 -1024 232 ) 
4 130 145 (0 -1024 416 ) (0 -1024 232 ) (704 -1024 232 ) (704 -1024 416 ) 
4 131 137 (1568 -1600 224 ) (1568 -1600 64 ) (1920 -1600 64 ) (1920 -1600 224 ) 
4 131 135 (1568 -1600 288 ) (1568 -1600 224 ) (1920 -1600 224 ) (1920 -1600 288 ) 
4 131 132 (1440 -1024 224 ) (1440 -1024 64 ) (1440 -1216 64 ) (1440 -1216 224 ) 
4 132 133 (1424 -1024 64 ) (1424 -1216 64 ) (1424 -1216 224 ) (1424 -1024 224 ) 
4 133 143 (1024 -1024 272 ) (1024 -1024 64 ) (1024 -1216 64 ) (1024 -1216 272 ) 
4 133 134 (1424 -1216 64 ) (1024 -1216 64 ) (1024 -1024 64 ) (1424 -1024 64 ) 
4 134 143 (1024 -1024 64 ) (1024 -1024 -112 ) (1024 -1216 -112 ) (1024 -1216 64 ) 
4 135 137 (1568 -1616 224 ) (1568 -1600 224 ) (1920 -1600 224 ) (1920 -1616 224 ) 
4 136 138 (1920 -1664 224 ) (1920 -1664 288 ) (1568 -1664 288 ) (1568 -1664 224 ) 
4 136 137 (1568 -1664 224 ) (1568 -1648 224 ) (1920 -1648 224 ) (1920 -1664 224 ) 
4 137 138 (1920 -1664 64 ) (1920 -1664 224 ) (1568 -1664 224 ) (1568 -1664 64 ) 
4 138 141 (1280 -1928 416 ) (1280 -1928 64 ) (1520 -1928 64 ) (1520 -1928 416 ) 
4 138 139 (1968 -1928 64 ) (2048 -1928 64 ) (2048 -1928 416 ) (1968 -1928 416 ) 
4 138 140 (1568 -1928 64 ) (1920 -1928 64 ) (1920 -1928 416 ) (1568 -1928 416 ) 
4 139 142 (1968 -1976 64 ) (2048 -1976 64 ) (2048 -1976 416 ) (1968 -1976 416 ) 
4 140 142 (1568 -1976 64 ) (1920 -1976 64 ) (1920 -1976 416 ) (1568 -1976 416 ) 
4 141 142 (1280 -1976 416 ) (1280 -1976 64 ) (1520 -1976 64 ) (1520 -1976 416 ) 
4 142 152 (1696 -2048 416 ) (1280 -2048 416 ) (1280 -2048 64 ) (1696 -2048 64 ) 
4 142 151 (1696 -2048 208 ) (1696 -2048 64 ) (1792 -2048 64 ) (1792 -2048 208 ) 
4 142 150 (1792 -2048 416 ) (1696 -2048 416 ) (1696 -2048 208 ) (1792 -2048 208 ) 
4 142 149 (2048 -2048 64 ) (2048 -2048 416 ) (1792 -2048 416 ) (1792 -2048 64 ) 
4 144 147 (736 -1408 232 ) (736 -1408 416 ) (704 -1408 416 ) (704 -1408 232 ) 
4 144 145 (704 -1408 232 ) (704 -1408 416 ) (704 -1248 416 ) (704 -1248 232 ) 
4 145 248 (0 -1408 232 ) (0 -1408 416 ) (0 -1024 416 ) (0 -1024 232 ) 
4 145 147 (704 -1408 232 ) (704 -1408 416 ) (0 -1408 416 ) (0 -1408 232 ) 
5 145 146 (704 -1024 232 ) (704 -1248 232 ) (480 -1408 232 ) (0 -1408 232 ) (0 -1024 232 ) 
4 146 249 (0 -1408 48 ) (0 -1408 232 ) (0 -1024 232 ) (0 -1024 48 ) 
4 147 248 (0 -1408 416 ) (0 -1408 232 ) (0 -1568 232 ) (0 -1568 416 ) 
4 148 149 (2048 -2048 416 ) (2048 -2048 64 ) (2048 -2280 64 ) (2048 -2280 416 ) 
4 149 151 (1792 -2048 64 ) (1792 -2280 64 ) (1792 -2280 208 ) (1792 -2048 208 ) 
4 149 150 (1792 -2280 208 ) (1792 -2280 416 ) (1792 -2048 416 ) (1792 -2048 208 ) 
4 150 152 (1696 -2280 416 ) (1696 -2048 416 ) (1696 -2048 208 ) (1696 -2280 208 ) 
4 150 151 (1696 -2280 208 ) (1696 -2048 208 ) (1792 -2048 208 ) (1792 -2280 208 ) 
4 151 152 (1696 -2048 64 ) (1696 -2280 64 ) (1696 -2280 208 ) (1696 -2048 208 ) 
4 153 183 (-2048 1024 256 ) (-2048 1024 576 ) (-2048 1056 576 ) (-2048 1056 256 ) 
4 153 162 (-2048 1024 544 ) (-2048 1024 256 ) (-1952 1024 256 ) (-1952 1024 544 ) 
4 153 161 (-2048 1024 576 ) (-2048 1024 544 ) (-1952 1024 544 ) (-1952 1024 576 ) 
4 154 155 (-320 576 96 ) (0 576 96 ) (0 576 256 ) (-320 576 256 ) 
4 155 159 (-320 256 256 ) (-640 256 256 ) (-640 256 96 ) (-320 256 96 ) 
4 155 156 (0 256 96 ) (0 256 256 ) (-256 256 256 ) (-256 256 96 ) 
4 156 157 (0 192 80 ) (0 192 384 ) (-256 192 384 ) (-256 192 80 ) 
4 157 223 (-256 0 96 ) (-320 0 96 ) (-320 0 80 ) (-256 0 80 ) 
4 157 222 (0 0 80 ) (0 0 96 ) (-256 0 96 ) (-256 0 80 ) 
4 157 214 (-256 0 384 ) (-320 0 384 ) (-320 0 96 ) (-256 0 96 ) 
4 157 213 (0 0 96 ) (0 0 384 ) (-256 0 384 ) (-256 0 96 ) 
4 157 159 (-320 0 96 ) (-320 0 256 ) (-320 192 256 ) (-320 192 96 ) 
4 157 158 (-256 192 80 ) (0 192 80 ) (0 0 80 ) (-256 0 80 ) 
4 158 222 (0 0 64 ) (0 0 80 ) (-256 0 80 ) (-256 0 64 ) 
4 159 219 (-320 0 96 ) (-320 0 256 ) (-640 0 256 ) (-640 0 96 ) 
4 159 160 (-640 256 256 ) (-640 256 96 ) (-640 0 96 ) (-640 0 256 ) 
4 160 220 (-640 0 96 ) (-640 0 416 ) (-1024 0 416 ) (-1024 0 96 ) 
4 160 166 (-1024 0 96 ) (-1024 0 416 ) (-1024 128 416 ) (-1024 128 96 ) 
4 161 184 (-2048 432 576 ) (-2048 1024 576 ) (-2048 1024 544 ) (-2048 432 544 ) 
4 161 164 (-2048 432 544 ) (-2048 512 544 ) (-1952 512 544 ) (-1952 432 544 ) 
4 161 162 (-2048 512 544 ) (-2048 1024 544 ) (-1952 1024 544 ) (-1952 512 544 ) 
4 162 189 (-2048 512 544 ) (-2048 768 544 ) (-2048 768 256 ) (-2048 512 256 ) 
4 162 188 (-2048 768 544 ) (-2048 1024 544 ) (-2048 1024 256 ) (-2048 768 256 ) 
4 162 164 (-1952 512 544 ) (-2048 512 544 ) (-2048 512 256 ) (-1952 512 256 ) 
4 163 182 (-1664 432 544 ) (-1808 432 544 ) (-1808 432 256 ) (-1664 432 256 ) 
4 163 167 (-1408 432 544 ) (-1664 432 544 ) (-1664 432 256 ) (-1408 432 256 ) 
4 163 166 (-1125.333252 432 544 ) (-1408 432 544 ) (-1408 432 256 ) (-1125.333252 432 256 ) 
4 163 165 (-1125.333252 432 256 ) (-1808 432 256 ) (-1728 512 256 ) (-1152 512 256 ) 
4 164 189 (-2048 432 544 ) (-2048 512 544 ) (-2048 512 256 ) (-2048 432 256 ) 
4 165 182 (-1808 432 96 ) (-1664 432 96 ) (-1664 432 256 ) (-1808 432 256 ) 
4 165 167 (-1664 432 96 ) (-1408 432 96 ) (-1408 432 256 ) (-1664 432 256 ) 
4 165 166 (-1408 432 96 ) (-1125.333252 432 96 ) (-1125.333374 432 256 ) (-1408 432 256 ) 
4 166 227 (-1024 0 96 ) (-1024 0 544 ) (-1408 0 544 ) (-1408 0 96 ) 
4 166 179 (-1408 128 96 ) (-1408 0 96 ) (-1408 0 544 ) (-1408 128 544 ) 
4 166 178 (-1408 256 96 ) (-1408 128 96 ) (-1408 128 544 ) (-1408 256 544 ) 
4 166 168 (-1408 256 192 ) (-1408 256 544 ) (-1408 384 544 ) (-1408 384 192 ) 
4 166 167 (-1408 432 544 ) (-1408 432 96 ) (-1408 384 96 ) (-1408 384 544 ) 
4 167 182 (-1663.998047 432 544 ) (-1663.998047 432 96 ) (-1773.712402 384 96 ) (-1773.711792 384 544 ) 
4 167 177 (-1773.714600 384 192 ) (-1773.714600 384 96 ) (-1536 384 96 ) (-1536 384 192 ) 
4 167 169 (-1520 384 192 ) (-1424 384 192 ) (-1424 384 544 ) (-1520 384 544 ) 
4 167 168 (-1424 384 192 ) (-1408 384 192 ) (-1408 384 544 ) (-1424 384 544 ) 
4 167 176 (-1773.714600 384 544 ) (-1773.714600 384 192 ) (-1520 384 192 ) (-1520 384 544 ) 
4 168 178 (-1424 256 192 ) (-1408 256 192 ) (-1408 256 544 ) (-1424 256 544 ) 
4 168 174 (-1424 344 192 ) (-1424 296 192 ) (-1424 296 544 ) (-1424 344 544 ) 
4 168 172 (-1424 296 192 ) (-1424 272 192 ) (-1424 272 544 ) (-1424 296 544 ) 
4 168 171 (-1424 368 192 ) (-1424 344 192 ) (-1424 344 544 ) (-1424 368 544 ) 
4 168 169 (-1424 384 544 ) (-1424 384 192 ) (-1424 368 192 ) (-1424 368 544 ) 
4 168 175 (-1424 272 192 ) (-1424 256 192 ) (-1424 256 544 ) (-1424 272 544 ) 
4 169 174 (-1496 368 192 ) (-1448 368 192 ) (-1448 368 544 ) (-1496 368 544 ) 
4 169 171 (-1448 368 192 ) (-1424 368 192 ) (-1424 368 544 ) (-1448 368 544 ) 
4 169 170 (-1520 368 544 ) (-1520 368 192 ) (-1496 368 192 ) (-1496 368 544 ) 
4 169 176 (-1520 384 544 ) (-1520 384 192 ) (-1520 368 192 ) (-1520 368 544 ) 
4 170 174 (-1520 344 544 ) (-1520 344 192 ) (-1496 368 192 ) (-1496 368 544 ) 
4 170 176 (-1520 368 192 ) (-1520 344 192 ) (-1520 344 544 ) (-1520 368 544 ) 
4 171 174 (-1448 368 544 ) (-1448 368 192 ) (-1424 344 192 ) (-1424 344 544 ) 
4 172 174 (-1424 296 544 ) (-1424 296 192 ) (-1448 272 192 ) (-1448 272 544 ) 
4 172 175 (-1448 272 192 ) (-1424 272 192 ) (-1424 272 544 ) (-1448 272 544 ) 
4 173 175 (-1520 272 544 ) (-1520 272 192 ) (-1496 272 192 ) (-1496 272 544 ) 
4 173 176 (-1520 296 192 ) (-1520 272 192 ) (-1520 272 544 ) (-1520 296 544 ) 
4 173 174 (-1496 272 544 ) (-1496 272 192 ) (-1520 296 192 ) (-1520 296 544 ) 
4 174 175 (-1496 272 192 ) (-1448 272 192 ) (-1448 272 544 ) (-1496 272 544 ) 
4 174 176 (-1520 344 192 ) (-1520 296 192 ) (-1520 296 544 ) (-1520 344 544 ) 
4 175 178 (-1520 256 192 ) (-1424 256 192 ) (-1424 256 544 ) (-1520 256 544 ) 
4 175 176 (-1520 272 192 ) (-1520 256 192 ) (-1520 256 544 ) (-1520 272 544 ) 
4 176 182 (-1920 320 192 ) (-1920 320 544 ) (-1773.711792 384 544 ) (-1773.712280 384 192 ) 
4 176 180 (-1920 320 544 ) (-1920 320 320 ) (-1856 256 320 ) (-1856 256 544 ) 
4 176 178 (-1855.998047 256 544 ) (-1855.998047 256 192 ) (-1520 256 192 ) (-1520 256 544 ) 
5 176 177 (-1536 256 192 ) (-1855.996094 256 192 ) (-1919.997314 320.001221 192 ) (-1773.714355 384 192 ) (-1536 384 192 ) 
4 177 182 (-1773.712402 384 96 ) (-1920 320 96 ) (-1920 320 192 ) (-1773.712280 384 192 ) 
4 177 178 (-1855.998047 256 192 ) (-1855.998047 256 96 ) (-1536 256 96 ) (-1536 256 192 ) 
4 178 180 (-1728 128 320 ) (-1728 128 544 ) (-1856 256 544 ) (-1856 256 320 ) 
4 178 179 (-1727.996094 128 544 ) (-1727.996094 128 319.997192 ) (-1408 128 96 ) (-1408 128 544 ) 
4 179 228 (-1408 0 544 ) (-1600 0 544 ) (-1600 0 230.399963 ) (-1408 0 96 ) 
3 179 181 (-1600 0 230.399948 ) (-1600 0 320 ) (-1728 128 320 ) 
4 179 180 (-1600 0 320 ) (-1600 0 544 ) (-1728 128 544 ) (-1728 128 320 ) 
4 180 240 (-1600 0 544 ) (-2048 0 544 ) (-2048 0 320 ) (-1600 0 320 ) 
4 180 190 (-2048 0 320 ) (-2048 0 544 ) (-2048 264 544 ) (-2048 264 320 ) 
3 180 181 (-1728 128.003845 320 ) (-1599.996216 0 320 ) (-1728 0 320 ) 
3 181 241 (-1600 0 230.399963 ) (-1600 0 320 ) (-1728 0 320 ) 
4 183 210 (-3072 1024 256 ) (-3072 1024 576 ) (-3072 1056 576 ) (-3072 1056 256 ) 
4 183 206 (-3072 1024 320 ) (-3072 1024 256 ) (-2176 1024 256 ) (-2176 1024 320 ) 
4 183 192 (-2432 1024 544 ) (-3072 1024 544 ) (-3072 1024 320 ) (-2432 1024 320 ) 
4 183 191 (-2176 1024 544 ) (-2432 1024 544 ) (-2432 1024 320 ) (-2176 1024 320 ) 
4 183 188 (-2048 1024 256 ) (-2048 1024 544 ) (-2176 1024 544 ) (-2176 1024 256 ) 
4 183 184 (-2048 1024 544 ) (-2048 1024 576 ) (-2176 1024 576 ) (-2176 1024 544 ) 
4 183 185 (-2176 1024 576 ) (-3072 1024 576 ) (-3072 1024 544 ) (-2176 1024 544 ) 
4 184 189 (-2048 768 544 ) (-2048 432 544 ) (-2176 432 544 ) (-2176 768 544 ) 
4 184 188 (-2176 1024 544 ) (-2048 1024 544 ) (-2048 768 544 ) (-2176 768 544 ) 
4 184 185 (-2176 1024 544 ) (-2176 432 544 ) (-2176 432 576 ) (-2176 1024 576 ) 
4 185 211 (-3072 272 576 ) (-3072 1024 576 ) (-3072 1024 544 ) (-3072 272 544 ) 
5 185 192 (-3072 272 544 ) (-3072 1024 544 ) (-2432 1024 544 ) (-2432 320 544 ) (-2464 272 544 ) 
4 185 191 (-2432 1024 544 ) (-2176 1024 544 ) (-2176 320 544 ) (-2432 320 544 ) 
4 185 186 (-2944 272 544 ) (-2672 272 544 ) (-2672 272 576 ) (-2944 272 576 ) 
4 185 187 (-3072 272 544 ) (-2944 272 544 ) (-2944 272 576 ) (-3072 272 576 ) 
4 186 187 (-2944 272 576 ) (-2944 272 544 ) (-2944 90.666519 544 ) (-2944 90.666527 576 ) 
4 187 252 (-2944 0 576 ) (-3072 0 576 ) (-3072 0 544 ) (-2944 0 544 ) 
4 187 211 (-3072 0 544 ) (-3072 0 576 ) (-3072 272 576 ) (-3072 272 544 ) 
4 187 205 (-2944 0 544 ) (-3072 0 544 ) (-3072 272 544 ) (-2944 272 544 ) 
4 188 206 (-2176 768 256 ) (-2176 768 320 ) (-2176 1024 320 ) (-2176 1024 256 ) 
4 188 191 (-2176 768 320 ) (-2176 768 544 ) (-2176 1024 544 ) (-2176 1024 320 ) 
4 188 189 (-2176 768 544 ) (-2176 768 256 ) (-2048 768 256 ) (-2048 768 544 ) 
4 189 207 (-2176 432 256 ) (-2176 432 320 ) (-2176 768 320 ) (-2176 768 256 ) 
4 189 191 (-2176 432 320 ) (-2176 432 544 ) (-2176 768 544 ) (-2176 768 320 ) 
4 190 255 (-2048 0 320 ) (-2048 0 544 ) (-2176 0 544 ) (-2176 0 320 ) 
4 190 193 (-2176 0 320 ) (-2176 0 544 ) (-2176 208 544 ) (-2176 208 320 ) 
4 191 206 (-2432 1024 320 ) (-2176 1024 320 ) (-2176 768 320 ) (-2432 768 320 ) 
4 191 207 (-2176 768 320 ) (-2176 320 320 ) (-2432 320 320 ) (-2432 768 320 ) 
4 191 192 (-2432 1024 320 ) (-2432 320 320 ) (-2432 320 544 ) (-2432 1024 544 ) 
4 192 211 (-3072 272 544 ) (-3072 1024 544 ) (-3072 1024 320 ) (-3072 272 320 ) 
4 192 208 (-2944 320 320 ) (-2432 320 320 ) (-2464 272 320 ) (-2944 272 320 ) 
4 192 209 (-3072 272 320 ) (-3072 320 320 ) (-2944 320 320 ) (-2944 272 320 ) 
4 192 206 (-3072 768 320 ) (-3072 1024 320 ) (-2432 1024 320 ) (-2432 768 320 ) 
4 192 207 (-3072 320 320 ) (-3072 768 320 ) (-2432 768 320 ) (-2432 320 320 ) 
4 192 205 (-3072 272 320 ) (-2944 272 320 ) (-2944 272 544 ) (-3072 272 544 ) 
4 192 196 (-2496 272 512 ) (-2688 272 512 ) (-2688 272 352 ) (-2496 272 352 ) 
4 193 258 (-2176 0 320 ) (-2176 0 544 ) (-2432 0 544 ) (-2432 0 320 ) 
4 193 199 (-2432 64 320 ) (-2432 0 320 ) (-2432 0 544 ) (-2432 64 544 ) 
4 193 198 (-2432 208 320 ) (-2432 64 320 ) (-2432 64 352 ) (-2432 208 352 ) 
4 193 195 (-2432 64 352 ) (-2432 64 512 ) (-2432 208 512 ) (-2432 208 352 ) 
4 193 194 (-2432 64 512 ) (-2432 64 544 ) (-2432 208 544 ) (-2432 208 512 ) 
4 194 200 (-2624 64 512 ) (-2496 64 512 ) (-2496 64 544 ) (-2624 64 544 ) 
4 194 199 (-2496 64 512 ) (-2432 64 512 ) (-2432 64 544 ) (-2496 64 544 ) 
4 194 203 (-2912 64 544 ) (-2912 64 512 ) (-2624 64 512 ) (-2624 64 544 ) 
5 194 197 (-2688 64 512 ) (-2912 64 512 ) (-2912 112 512 ) (-2720 240 512 ) (-2688 240 512 ) 
4 194 196 (-2496 64 512 ) (-2688 64 512 ) (-2688 240 512 ) (-2496 240 512 ) 
5 194 195 (-2432 64 512 ) (-2496 64 512 ) (-2496 240 512 ) (-2464 240 512 ) (-2432 208 512 ) 
4 195 199 (-2496 64 352 ) (-2432 64 352 ) (-2432 64 512 ) (-2496 64 512 ) 
5 195 198 (-2432 64 352 ) (-2496 64 352 ) (-2496 240 352 ) (-2464 240 352 ) (-2432 208 352 ) 
4 195 196 (-2496 240 352 ) (-2496 64 352 ) (-2496 64 512 ) (-2496 240 512 ) 
4 196 202 (-2624 64 352 ) (-2592 64 352 ) (-2592 64 368 ) (-2624 64 368 ) 
4 196 201 (-2528 64 352 ) (-2496 64 352 ) (-2496 64 368 ) (-2528 64 368 ) 
4 196 200 (-2496 64 368 ) (-2496 64 512 ) (-2624 64 512 ) (-2624 64 368 ) 
4 196 203 (-2688 64 352 ) (-2624 64 352 ) (-2624 64 512 ) (-2688 64 512 ) 
4 196 198 (-2496 64 352 ) (-2688 64 352 ) (-2688 240 352 ) (-2496 240 352 ) 
4 196 197 (-2688 240 352 ) (-2688 64 352 ) (-2688 64 512 ) (-2688 240 512 ) 
4 197 204 (-2912 82 352 ) (-2912 64 352 ) (-2912 64 512 ) (-2912 82 512 ) 
4 197 203 (-2912 64 512 ) (-2912 64 352 ) (-2688 64 352 ) (-2688 64 512 ) 
5 197 198 (-2688 64 352 ) (-2912 64 352 ) (-2912 112 352 ) (-2720 240 352 ) (-2688 240 352 ) 
4 198 202 (-2624 64 320 ) (-2592 64 320 ) (-2592 64 352 ) (-2624 64 352 ) 
4 198 201 (-2528 64 320 ) (-2496 64 320 ) (-2496 64 352 ) (-2528 64 352 ) 
4 198 199 (-2496 64 320 ) (-2432 64 320 ) (-2432 64 352 ) (-2496 64 352 ) 
4 198 203 (-2912 64 352 ) (-2912 64 320 ) (-2624 64 320 ) (-2624 64 352 ) 
4 199 260 (-2496 0 512 ) (-2496 0 320 ) (-2432 0 320 ) (-2432 0 512 ) 
4 199 259 (-2432 0 544 ) (-2496 0 544 ) (-2496 0 512 ) (-2432 0 512 ) 
4 199 201 (-2496 64 368 ) (-2496 64 320 ) (-2496 32 320 ) (-2496 32 368 ) 
4 199 200 (-2496 64 544 ) (-2496 64 368 ) (-2496 0 368 ) (-2496 0 544 ) 
4 200 261 (-2624 0 512 ) (-2624 0 368 ) (-2496 0 368 ) (-2496 0 512 ) 
4 200 259 (-2496 0 544 ) (-2624 0 544 ) (-2624 0 512 ) (-2496 0 512 ) 
3 200 202 (-2624 32 368 ) (-2624 64 368 ) (-2592 64 368 ) 
3 200 201 (-2528 64 368 ) (-2496 64 368 ) (-2496 32 368 ) 
4 200 203 (-2624 64 544 ) (-2624 64 368 ) (-2624 0 368 ) (-2624 0 544 ) 
4 202 203 (-2624 64 368 ) (-2624 64 320 ) (-2624 32 320 ) (-2624 32 368 ) 
4 203 264 (-2912 0 512 ) (-2912 0 320 ) (-2624 0 320 ) (-2624 0 512 ) 
4 203 259 (-2624 0 544 ) (-2912 0 544 ) (-2912 0 512 ) (-2624 0 512 ) 
4 203 204 (-2912 0 352 ) (-2912 0 512 ) (-2912 64 512 ) (-2912 64 352 ) 
4 204 269 (-2944 0 512 ) (-2944 0 352 ) (-2912 0 352 ) (-2912 0 512 ) 
4 204 205 (-2944 82 352 ) (-2944 0 352 ) (-2944 0 512 ) (-2944 82 512 ) 
4 205 270 (-2944 0 544 ) (-3072 0 544 ) (-3072 0 320 ) (-2944 0 320 ) 
4 205 211 (-3072 0 320 ) (-3072 0 544 ) (-3072 272 544 ) (-3072 272 320 ) 
4 205 209 (-3072 0 320 ) (-3072 272 320 ) (-2944 272 320 ) (-2944 0 320 ) 
4 206 211 (-3072 768 320 ) (-3072 1024 320 ) (-3072 1024 256 ) (-3072 768 256 ) 
4 206 207 (-2176 768 256 ) (-2176 768 320 ) (-3072 768 320 ) (-3072 768 256 ) 
4 207 212 (-3072 768 256 ) (-3072 768 0 ) (-3072 320 0 ) (-3072 320 256 ) 
4 207 211 (-3072 320 320 ) (-3072 768 320 ) (-3072 768 256 ) (-3072 320 256 ) 
4 207 208 (-2944 320 0 ) (-2432 320 0 ) (-2432 320 320 ) (-2944 320 320 ) 
4 207 209 (-3072 320 0 ) (-2944 320 0 ) (-2944 320 320 ) (-3072 320 320 ) 
4 208 209 (-2944 320 320 ) (-2944 320 0 ) (-2944 272 0 ) (-2944 272 320 ) 
4 209 274 (-2944 0 320 ) (-3072 0 320 ) (-3072 0 0 ) (-2944 0 0 ) 
4 209 212 (-3072 0 0 ) (-3072 0 256 ) (-3072 320 256 ) (-3072 320 0 ) 
4 209 211 (-3072 0 256 ) (-3072 0 320 ) (-3072 320 320 ) (-3072 320 256 ) 
4 210 211 (-3072 1024 256 ) (-3072 1024 576 ) (-4064 1024 576 ) (-4064 1024 256 ) 
4 211 278 (-3072 0 256 ) (-3072 0 576 ) (-4064 0 576 ) (-4064 0 256 ) 
5 211 212 (-3072 768 256 ) (-3072 0 256 ) (-3584 0 256 ) (-3584 640 256 ) (-3456 768 256 ) 
4 212 279 (-3072 0 0 ) (-3072 0 256 ) (-3584 0 256 ) (-3584 0 0 ) 
4 213 224 (0 -192 96 ) (0 -256 96 ) (-256 -256 96 ) (-256 -192 96 ) 
4 213 222 (-256 0 96 ) (0 0 96 ) (0 -192 96 ) (-256 -192 96 ) 
4 213 217 (-256 -256 96 ) (-64 -256 96 ) (-64 -256 256 ) (-256 -256 256 ) 
4 213 216 (-64 -256 96 ) (0 -256 96 ) (0 -256 208 ) (-64 -256 208 ) 
4 213 215 (0 -256 208 ) (0 -256 256 ) (-64 -256 256 ) (-64 -256 208 ) 
4 213 214 (-256 0 96 ) (-256 -192 96 ) (-256 -192 384 ) (-256 0 384 ) 
4 214 223 (-320 0 96 ) (-256 0 96 ) (-256 -192 96 ) (-320 -192 96 ) 
4 214 219 (-320 0 96 ) (-320 -192 96 ) (-320 -192 256 ) (-320 0 256 ) 
4 215 217 (-64 -784 256 ) (-64 -256 256 ) (-64 -256 208 ) (-64 -784 208 ) 
4 215 216 (-64 -784 208 ) (-64 -256 208 ) (0 -256 208 ) (0 -784 208 ) 
4 216 217 (-64 -784 208 ) (-64 -256 208 ) (-64 -256 96 ) (-64 -784 96 ) 
4 217 219 (-320 -256 96 ) (-320 -472 96 ) (-320 -472 256 ) (-320 -256 256 ) 
4 217 218 (-256 -576 256 ) (-320 -472 256 ) (-320 -472 96 ) (-256 -576 96 ) 
4 218 219 (-320 -472 96 ) (-320 -576 96 ) (-320 -576 256 ) (-320 -472 256 ) 
4 219 220 (-640 0 96 ) (-640 -256 96 ) (-640 -256 256 ) (-640 0 256 ) 
4 220 227 (-1024 -128 416 ) (-1024 0 416 ) (-1024 0 96 ) (-1024 -128 96 ) 
4 221 249 (0 -1024 96 ) (0 -1024 232 ) (-1024 -1024 232 ) (-1024 -1024 96 ) 
4 221 248 (0 -1024 232 ) (0 -1024 416 ) (-1024 -1024 416 ) (-1024 -1024 232 ) 
4 221 225 (0 -1024 96 ) (-1024 -1024 96 ) (-1024 -832 96 ) (0 -832 96 ) 
4 222 224 (0 -192 80 ) (0 -192 96 ) (-256 -192 96 ) (-256 -192 80 ) 
4 222 223 (-256 -192 80 ) (-256 -192 96 ) (-256 0 96 ) (-256 0 80 ) 
4 225 249 (0 -1024 48 ) (0 -1024 96 ) (-1024 -1024 96 ) (-1024 -1024 48 ) 
4 226 253 (-2048 -432 544 ) (-2048 -1024 544 ) (-2048 -1024 576 ) (-2048 -432 576 ) 
4 226 250 (-2048 -1024 576 ) (-2048 -1024 544 ) (-1952 -1024 544 ) (-1952 -1024 576 ) 
4 226 247 (-1952 -1024 544 ) (-2048 -1024 544 ) (-2048 -512 544 ) (-1952 -512 544 ) 
4 226 245 (-2048 -512 544 ) (-2048 -432 544 ) (-1952 -432 544 ) (-1952 -512 544 ) 
4 227 246 (-1408 -432 96 ) (-1125.333252 -432 96 ) (-1125.333252 -432 256 ) (-1408 -432 256 ) 
4 227 244 (-1125.333252 -432 256 ) (-1125.333374 -432 544 ) (-1408 -432 544 ) (-1408 -432 256 ) 
4 227 230 (-1408 -384 192 ) (-1408 -384 544 ) (-1408 -256 544 ) (-1408 -256 192 ) 
4 227 228 (-1408 0 96 ) (-1408 -128 96 ) (-1408 -128 544 ) (-1408 0 544 ) 
4 227 229 (-1408 -128 96 ) (-1408 -256 96 ) (-1408 -256 544 ) (-1408 -128 544 ) 
4 227 242 (-1408 -384 96 ) (-1408 -432 96 ) (-1408 -432 544 ) (-1408 -384 544 ) 
3 228 241 (-1728 -128 320 ) (-1600 0 320 ) (-1600 0 230.399963 ) 
4 228 240 (-1728 -128 320 ) (-1728 -128 544 ) (-1600 0 544 ) (-1600 0 320 ) 
4 228 229 (-1727.996094 -128 544 ) (-1727.996094 -128 319.997192 ) (-1408 -128 96 ) (-1408 -128 544 ) 
4 229 240 (-1856 -256 320 ) (-1856 -256 544 ) (-1728 -128 544 ) (-1728 -128 320 ) 
4 229 239 (-1855.998047 -256 192 ) (-1855.998047 -256 96 ) (-1536 -256 96 ) (-1536 -256 192 ) 
4 229 231 (-1520 -256 192 ) (-1424 -256 192 ) (-1424 -256 544 ) (-1520 -256 544 ) 
4 229 230 (-1424 -256 192 ) (-1408 -256 192 ) (-1408 -256 544 ) (-1424 -256 544 ) 
4 229 238 (-1855.998047 -256 544 ) (-1855.998047 -256 192 ) (-1520 -256 192 ) (-1520 -256 544 ) 
4 230 236 (-1424 -296 192 ) (-1424 -344 192 ) (-1424 -344 544 ) (-1424 -296 544 ) 
4 230 234 (-1424 -344 192 ) (-1424 -368 192 ) (-1424 -368 544 ) (-1424 -344 544 ) 
4 230 233 (-1424 -272 192 ) (-1424 -296 192 ) (-1424 -296 544 ) (-1424 -272 544 ) 
4 230 231 (-1424 -256 544 ) (-1424 -256 192 ) (-1424 -272 192 ) (-1424 -272 544 ) 
4 230 237 (-1424 -368 192 ) (-1424 -384 192 ) (-1424 -384 544 ) (-1424 -368 544 ) 
4 230 242 (-1424 -384 192 ) (-1408 -384 192 ) (-1408 -384 544 ) (-1424 -384 544 ) 
4 231 236 (-1496 -272 192 ) (-1448 -272 192 ) (-1448 -272 544 ) (-1496 -272 544 ) 
4 231 233 (-1448 -272 192 ) (-1424 -272 192 ) (-1424 -272 544 ) (-1448 -272 544 ) 
4 231 232 (-1520 -272 544 ) (-1520 -272 192 ) (-1496 -272 192 ) (-1496 -272 544 ) 
4 231 238 (-1520 -256 544 ) (-1520 -256 192 ) (-1520 -272 192 ) (-1520 -272 544 ) 
4 232 236 (-1520 -296 544 ) (-1520 -296 192 ) (-1496 -272 192 ) (-1496 -272 544 ) 
4 232 238 (-1520 -272 192 ) (-1520 -296 192 ) (-1520 -296 544 ) (-1520 -272 544 ) 
4 233 236 (-1448 -272 544 ) (-1448 -272 192 ) (-1424 -296 192 ) (-1424 -296 544 ) 
4 234 236 (-1424 -344 544 ) (-1424 -344 192 ) (-1448 -368 192 ) (-1448 -368 544 ) 
4 234 237 (-1448 -368 192 ) (-1424 -368 192 ) (-1424 -368 544 ) (-1448 -368 544 ) 
4 235 237 (-1520 -368 544 ) (-1520 -368 192 ) (-1496 -368 192 ) (-1496 -368 544 ) 
4 235 238 (-1520 -344 192 ) (-1520 -368 192 ) (-1520 -368 544 ) (-1520 -344 544 ) 
4 235 236 (-1496 -368 544 ) (-1496 -368 192 ) (-1520 -344 192 ) (-1520 -344 544 ) 
4 236 237 (-1496 -368 192 ) (-1448 -368 192 ) (-1448 -368 544 ) (-1496 -368 544 ) 
4 236 238 (-1520 -296 192 ) (-1520 -344 192 ) (-1520 -344 544 ) (-1520 -296 544 ) 
4 237 242 (-1520 -384 192 ) (-1424 -384 192 ) (-1424 -384 544 ) (-1520 -384 544 ) 
4 237 238 (-1520 -368 192 ) (-1520 -384 192 ) (-1520 -384 544 ) (-1520 -368 544 ) 
4 238 243 (-1773.711914 -384 192 ) (-1773.712402 -384 544 ) (-1920 -320 544 ) (-1920 -320 192 ) 
4 238 240 (-1920 -320 320 ) (-1920 -320 544 ) (-1856 -256 544 ) (-1856 -256 320 ) 
5 238 239 (-1536 -384 192 ) (-1773.714478 -384 192 ) (-1920 -320 192 ) (-1856 -256 192 ) (-1536 -256 192 ) 
4 238 242 (-1773.714600 -384 544 ) (-1773.714600 -384 192 ) (-1520 -384 192 ) (-1520 -384 544 ) 
4 239 243 (-1920 -320 96 ) (-1773.711792 -384 96 ) (-1773.711914 -384 192 ) (-1920 -320 192 ) 
4 239 242 (-1773.714600 -384 192 ) (-1773.714600 -384 96 ) (-1536 -384 96 ) (-1536 -384 192 ) 
4 240 255 (-2048 0 544 ) (-2048 0 320 ) (-2048 -264 320 ) (-2048 -264 544 ) 
3 240 241 (-1599.993530 0 320 ) (-1728 -128.005722 320 ) (-1728 0 320 ) 
4 242 246 (-1664 -432 96 ) (-1408 -432 96 ) (-1408 -432 256 ) (-1664 -432 256 ) 
4 242 244 (-1408 -432 256 ) (-1408 -432 544 ) (-1664 -432 544 ) (-1664 -432 256 ) 
4 242 243 (-1773.711792 -384 96 ) (-1663.998047 -432 96 ) (-1663.998047 -432 544 ) (-1773.712402 -384 544 ) 
4 243 246 (-1808 -432 96 ) (-1664 -432 96 ) (-1664 -432 256 ) (-1808 -432 256 ) 
4 243 244 (-1664 -432 256 ) (-1664 -432 544 ) (-1808 -432 544 ) (-1808 -432 256 ) 
4 244 246 (-1152 -512 256 ) (-1728 -512 256 ) (-1808 -432 256 ) (-1125.333252 -432 256 ) 
4 245 256 (-2048 -512 256 ) (-2048 -512 544 ) (-2048 -432 544 ) (-2048 -432 256 ) 
4 245 247 (-1952 -512 544 ) (-2048 -512 544 ) (-2048 -512 256 ) (-1952 -512 256 ) 
4 247 257 (-2048 -1024 256 ) (-2048 -1024 544 ) (-2048 -768 544 ) (-2048 -768 256 ) 
4 247 256 (-2048 -768 544 ) (-2048 -512 544 ) (-2048 -512 256 ) (-2048 -768 256 ) 
4 247 250 (-2048 -1024 544 ) (-2048 -1024 256 ) (-1952 -1024 256 ) (-1952 -1024 544 ) 
4 248 249 (-1024 -1024 232 ) (0 -1024 232 ) (0 -1408 232 ) (-1024 -1408 232 ) 
4 250 277 (-2048 -1056 576 ) (-2048 -1024 576 ) (-2048 -1024 256 ) (-2048 -1056 256 ) 
4 251 254 (-2944 -288 544 ) (-2672 -288 544 ) (-2671.997314 -288 576 ) (-2944 -288 576 ) 
4 251 252 (-2944 -106.670082 544 ) (-2944 -288 544 ) (-2944 -288 576 ) (-2944 -106.668167 576 ) 
4 252 278 (-3072 0 576 ) (-3072 0 544 ) (-3072 -288 544 ) (-3072 -288 576 ) 
4 252 270 (-3072 -288 544 ) (-3072 0 544 ) (-2944 0 544 ) (-2944 -288 544 ) 
4 252 254 (-3072 -288 544 ) (-2944 -288 544 ) (-2944 -288 576 ) (-3072 -288 576 ) 
4 253 277 (-2048 -1024 544 ) (-2048 -1024 576 ) (-2176 -1024 576 ) (-2176 -1024 544 ) 
4 253 257 (-2048 -768 544 ) (-2048 -1024 544 ) (-2176 -1024 544 ) (-2176 -768 544 ) 
4 253 256 (-2048 -432 544 ) (-2048 -768 544 ) (-2176 -768 544 ) (-2176 -432 544 ) 
4 253 254 (-2176 -432 544 ) (-2176 -1024 544 ) (-2176 -1024 576 ) (-2176 -432 576 ) 
4 254 278 (-3072 -288 544 ) (-3072 -1024 544 ) (-3072 -1024 576 ) (-3072 -288 576 ) 
4 254 277 (-2176 -1024 576 ) (-3072 -1024 576 ) (-3072 -1024 544 ) (-2176 -1024 544 ) 
5 254 272 (-3072 -1024 544 ) (-3072 -288 544 ) (-2464 -288 544 ) (-2432 -320 544 ) (-2432 -1024 544 ) 
4 254 271 (-2176 -320 544 ) (-2176 -1024 544 ) (-2432 -1024 544 ) (-2432 -320 544 ) 
4 255 258 (-2176 -208 320 ) (-2176 -208 544 ) (-2176 0 544 ) (-2176 0 320 ) 
4 256 275 (-2176 -768 256 ) (-2176 -768 320 ) (-2176 -432 320 ) (-2176 -432 256 ) 
4 256 271 (-2176 -768 320 ) (-2176 -768 544 ) (-2176 -432 544 ) (-2176 -432 320 ) 
4 256 257 (-2176 -768 544 ) (-2176 -768 256 ) (-2048 -768 256 ) (-2048 -768 544 ) 
4 257 277 (-2048 -1024 256 ) (-2048 -1024 544 ) (-2176 -1024 544 ) (-2176 -1024 256 ) 
4 257 276 (-2176 -1024 256 ) (-2176 -1024 320 ) (-2176 -768 320 ) (-2176 -768 256 ) 
4 257 271 (-2176 -1024 320 ) (-2176 -1024 544 ) (-2176 -768 544 ) (-2176 -768 320 ) 
4 258 268 (-2432 -64 320 ) (-2432 -208 320 ) (-2432 -208 352 ) (-2432 -64 352 ) 
4 258 265 (-2432 -208 352 ) (-2432 -208 512 ) (-2432 -64 512 ) (-2432 -64 352 ) 
4 258 260 (-2432 0 320 ) (-2432 -64 320 ) (-2432 -64 512 ) (-2432 0 512 ) 
4 258 259 (-2432 -208 512 ) (-2432 -208 544 ) (-2432 0 544 ) (-2432 0 512 ) 
5 259 267 (-2912 -128 512 ) (-2912 -64 512 ) (-2688 -64 512 ) (-2688 -256 512 ) (-2720 -256 512 ) 
5 259 265 (-2496 -64 512 ) (-2432 -64 512 ) (-2432 -208 512 ) (-2464 -256 512 ) (-2496 -256 512 ) 
4 259 266 (-2688 -64 512 ) (-2496 -64 512 ) (-2496 -256 512 ) (-2688 -256 512 ) 
4 259 261 (-2624 0 512 ) (-2496 0 512 ) (-2496 -64 512 ) (-2624 -64 512 ) 
4 259 260 (-2496 0 512 ) (-2432 0 512 ) (-2432 -64 512 ) (-2496 -64 512 ) 
4 259 264 (-2912 -64 512 ) (-2912 0 512 ) (-2624 0 512 ) (-2624 -64 512 ) 
4 260 268 (-2432 -64 320 ) (-2432 -64 352 ) (-2496 -64 352 ) (-2496 -64 320 ) 
4 260 265 (-2432 -64 352 ) (-2432 -64 512 ) (-2496 -64 512 ) (-2496 -64 352 ) 
4 260 263 (-2496 -32 320 ) (-2496 -64 320 ) (-2496 -64 368 ) (-2496 -32 368 ) 
4 260 261 (-2496 -64 368 ) (-2496 -64 512 ) (-2496 0 512 ) (-2496 0 368 ) 
4 261 266 (-2496 -64 512 ) (-2624 -64 512 ) (-2624 -64 368 ) (-2496 -64 368 ) 
3 261 263 (-2496 -32 368 ) (-2496 -64 368 ) (-2528 -64 368 ) 
3 261 262 (-2624 -64 368 ) (-2624 -32 368 ) (-2592 -64 368 ) 
4 261 264 (-2624 -64 368 ) (-2624 -64 512 ) (-2624 0 512 ) (-2624 0 368 ) 
4 262 268 (-2624 -64 352 ) (-2624 -64 320 ) (-2592 -64 320 ) (-2592 -64 352 ) 
4 262 266 (-2624 -64 368 ) (-2624 -64 352 ) (-2592 -64 352 ) (-2592 -64 368 ) 
4 262 264 (-2624 -32 320 ) (-2624 -64 320 ) (-2624 -64 368 ) (-2624 -32 368 ) 
4 263 268 (-2528 -64 320 ) (-2496 -64 320 ) (-2496 -64 352 ) (-2528 -64 352 ) 
4 263 266 (-2496 -64 352 ) (-2496 -64 368 ) (-2528 -64 368 ) (-2528 -64 352 ) 
4 264 269 (-2912 -64 352 ) (-2912 -64 512 ) (-2912 0 512 ) (-2912 0 352 ) 
4 264 268 (-2912 -64 352 ) (-2912 -64 320 ) (-2624 -64 320 ) (-2624 -64 352 ) 
4 264 267 (-2688 -64 512 ) (-2912 -64 512 ) (-2912 -64 352 ) (-2688 -64 352 ) 
4 264 266 (-2624 -64 512 ) (-2688 -64 512 ) (-2688 -64 352 ) (-2624 -64 352 ) 
5 265 268 (-2496 -64 352 ) (-2432 -64 352 ) (-2432 -208 352 ) (-2464 -256 352 ) (-2496 -256 352 ) 
4 265 266 (-2496 -64 512 ) (-2496 -64 352 ) (-2496 -256 352 ) (-2496 -256 512 ) 
4 266 272 (-2496 -288 512 ) (-2688 -288 512 ) (-2688 -288 352 ) (-2496 -288 352 ) 
4 266 268 (-2688 -64 352 ) (-2496 -64 352 ) (-2496 -256 352 ) (-2688 -256 352 ) 
4 266 267 (-2688 -64 512 ) (-2688 -64 352 ) (-2688 -256 352 ) (-2688 -256 512 ) 
4 267 269 (-2912 -98 512 ) (-2912 -64 512 ) (-2912 -64 352 ) (-2912 -98 352 ) 
5 267 268 (-2912 -128 352 ) (-2912 -64 352 ) (-2688 -64 352 ) (-2688 -256 352 ) (-2720 -256 352 ) 
4 269 270 (-2944 -98 512 ) (-2944 0 512 ) (-2944 0 352 ) (-2944 -98 352 ) 
4 270 278 (-3072 0 544 ) (-3072 0 320 ) (-3072 -288 320 ) (-3072 -288 544 ) 
4 270 274 (-3072 -288 320 ) (-3072 0 320 ) (-2944 0 320 ) (-2944 -288 320 ) 
4 270 272 (-3072 -288 320 ) (-2944 -288 320 ) (-2944 -288 544 ) (-3072 -288 544 ) 
4 271 277 (-2176 -1024 320 ) (-2176 -1024 544 ) (-2432 -1024 544 ) (-2432 -1024 320 ) 
4 271 276 (-2176 -768 320 ) (-2176 -1024 320 ) (-2432 -1024 320 ) (-2432 -768 320 ) 
4 271 275 (-2176 -320 320 ) (-2176 -768 320 ) (-2432 -768 320 ) (-2432 -320 320 ) 
4 271 272 (-2432 -320 320 ) (-2432 -1024 320 ) (-2432 -1024 544 ) (-2432 -320 544 ) 
4 272 278 (-3072 -288 320 ) (-3072 -1024 320 ) (-3072 -1024 544 ) (-3072 -288 544 ) 
4 272 277 (-2432 -1024 544 ) (-3072 -1024 544 ) (-3072 -1024 320 ) (-2432 -1024 320 ) 
4 272 276 (-3072 -1024 320 ) (-3072 -768 320 ) (-2432 -768 320 ) (-2432 -1024 320 ) 
4 272 275 (-3072 -768 320 ) (-3072 -320 320 ) (-2432 -320 320 ) (-2432 -768 320 ) 
4 272 273 (-2944 -288 320 ) (-2464 -288 320 ) (-2432 -320 320 ) (-2944 -320 320 ) 
4 272 274 (-3072 -320 320 ) (-3072 -288 320 ) (-2944 -288 320 ) (-2944 -320 320 ) 
4 273 275 (-2944 -320 0 ) (-2432 -320 0 ) (-2432 -320 320 ) (-2944 -320 320 ) 
4 273 274 (-2944 -288 0 ) (-2944 -320 0 ) (-2944 -320 320 ) (-2944 -288 320 ) 
4 274 279 (-3072 0 256 ) (-3072 0 0 ) (-3072 -320 0 ) (-3072 -320 256 ) 
4 274 278 (-3072 0 320 ) (-3072 0 256 ) (-3072 -320 256 ) (-3072 -320 320 ) 
4 274 275 (-3072 -320 0 ) (-2944 -320 0 ) (-2944 -320 320 ) (-3072 -320 320 ) 
4 275 279 (-3072 -320 0 ) (-3072 -768 0 ) (-3072 -768 256 ) (-3072 -320 256 ) 
4 275 278 (-3072 -768 256 ) (-3072 -768 320 ) (-3072 -320 320 ) (-3072 -320 256 ) 
4 275 276 (-2176 -768 256 ) (-2176 -768 320 ) (-3072 -768 320 ) (-3072 -768 256 ) 
4 276 278 (-3072 -1024 256 ) (-3072 -1024 320 ) (-3072 -768 320 ) (-3072 -768 256 ) 
4 276 277 (-2176 -1024 256 ) (-2176 -1024 320 ) (-3072 -1024 320 ) (-3072 -1024 256 ) 
4 277 280 (-3072 -1056 576 ) (-3072 -1024 576 ) (-3072 -1024 256 ) (-3072 -1056 256 ) 
4 278 280 (-3072 -1024 256 ) (-3072 -1024 576 ) (-4064 -1024 576 ) (-4064 -1024 256 ) 
5 278 279 (-3584 -640 256 ) (-3584 0 256 ) (-3072 0 256 ) (-3072 -768 256 ) (-3456 -768 256 ) 
